<!DOCTYPE html>

<html>
  <head>
  <meta charset='utf-8'>
  <title>TestNG reports</title>

    <link type="text/css" href="testng-reports1.css" rel="stylesheet" id="ultra" />
    <link type="text/css" href="testng-reports.css" rel="stylesheet" id="retro" disabled="false"/>
    <script type="text/javascript" src="jquery-3.6.0.min.js"></script>
    <script type="text/javascript" src="testng-reports.js"></script>
    <script type="text/javascript" src="https://www.google.com/jsapi"></script>
    <script type='text/javascript'>
      google.load('visualization', '1', {packages:['table']});
      google.setOnLoadCallback(drawTable);
      var suiteTableInitFunctions = new Array();
      var suiteTableData = new Array();
    </script>
    <!--
      <script type="text/javascript" src="jquery-ui/js/jquery-ui-1.8.16.custom.min.js"></script>
     -->
  </head>

  <body>    <div class="top-banner-root">
      <span class="top-banner-title-font">Test results</span>
      <button id="button" class="button">Switch Retro Theme</button> <!-- button -->
      <br/>
      <span class="top-banner-font-1">1 suite, 6 failed tests</span>
    </div> <!-- top-banner-root -->
    <div class="navigator-root">
      <div class="navigator-suite-header">
        <span>All suites</span>
        <a href="#" title="Collapse/expand all the suites" class="collapse-all-link">
          <img src="collapseall.gif" class="collapse-all-icon">
          </img> <!-- collapse-all-icon -->
        </a> <!-- collapse-all-link -->
      </div> <!-- navigator-suite-header -->
      <div class="suite">
        <div class="rounded-window">
          <div class="suite-header light-rounded-window-top">
            <a href="#" panel-name="suite-Automation_Suite" class="navigator-link">
              <span class="suite-name border-failed">Automation Suite</span>
            </a> <!-- navigator-link -->
          </div> <!-- suite-header light-rounded-window-top -->
          <div class="navigator-suite-content">
            <div class="suite-section-title">
              <span>Info</span>
            </div> <!-- suite-section-title -->
            <div class="suite-section-content">
              <ul>
                <li>
                  <a href="#" panel-name="test-xml-Automation_Suite" class="navigator-link ">
                    <span>testng.xml</span>
                  </a> <!-- navigator-link  -->
                </li>
                <li>
                  <a href="#" panel-name="testlist-Automation_Suite" class="navigator-link ">
                    <span class="test-stats">1 test</span>
                  </a> <!-- navigator-link  -->
                </li>
                <li>
                  <a href="#" panel-name="group-Automation_Suite" class="navigator-link ">
                    <span>0 groups</span>
                  </a> <!-- navigator-link  -->
                </li>
                <li>
                  <a href="#" panel-name="times-Automation_Suite" class="navigator-link ">
                    <span>Times</span>
                  </a> <!-- navigator-link  -->
                </li>
                <li>
                  <a href="#" panel-name="reporter-Automation_Suite" class="navigator-link ">
                    <span>Reporter output</span>
                  </a> <!-- navigator-link  -->
                </li>
                <li>
                  <a href="#" panel-name="ignored-methods-Automation_Suite" class="navigator-link ">
                    <span>Ignored methods</span>
                  </a> <!-- navigator-link  -->
                </li>
                <li>
                  <a href="#" panel-name="chronological-Automation_Suite" class="navigator-link ">
                    <span>Chronological view</span>
                  </a> <!-- navigator-link  -->
                </li>
              </ul>
            </div> <!-- suite-section-content -->
            <div class="result-section">
              <div class="suite-section-title">
                <span>Results</span>
              </div> <!-- suite-section-title -->
              <div class="suite-section-content">
                <ul>
                  <li>
                    <span class="method-stats">7 methods, 6 failed,   1 passed</span>
                  </li>
                  <li>
                    <span class="method-list-title failed">Failed methods</span>
                    <span class="show-or-hide-methods failed">
                      <a href="#" panel-name="suite-Automation_Suite" class="hide-methods failed suite-Automation_Suite"> (hide)</a> <!-- hide-methods failed suite-Automation_Suite -->
                      <a href="#" panel-name="suite-Automation_Suite" class="show-methods failed suite-Automation_Suite"> (show)</a> <!-- show-methods failed suite-Automation_Suite -->
                    </span>
                    <div class="method-list-content failed suite-Automation_Suite">
                      <span>
                        <img src="failed.png" width="3%"/>
                        <a href="#" panel-name="suite-Automation_Suite" title="com.automation.tests.SignInTest" class="method navigator-link" hash-for-method="testSignIn(Empty Email, , Password@123, Empty)">testSignIn(Empty Email, , Password@123, Empty)</a> <!-- method navigator-link -->
                      </span>
                      <br/>
                      <span>
                        <img src="failed.png" width="3%"/>
                        <a href="#" panel-name="suite-Automation_Suite" title="com.automation.tests.SignInTest" class="method navigator-link" hash-for-method="testSignIn(Invalid Password, testuser@example.com, WrongPass, Error)">testSignIn(Invalid Password, testuser@example.com, WrongPass, Error)</a> <!-- method navigator-link -->
                      </span>
                      <br/>
                      <span>
                        <img src="failed.png" width="3%"/>
                        <a href="#" panel-name="suite-Automation_Suite" title="com.automation.tests.SignInTest" class="method navigator-link" hash-for-method="testSignIn(Both Empty, , , Empty)">testSignIn(Both Empty, , , Empty)</a> <!-- method navigator-link -->
                      </span>
                      <br/>
                      <span>
                        <img src="failed.png" width="3%"/>
                        <a href="#" panel-name="suite-Automation_Suite" title="com.automation.tests.SignInTest" class="method navigator-link" hash-for-method="testSignIn(Non-existent Account, notfound@example.com, Password@123, Error)">testSignIn(Non-existent Account, notfound@example.com, Password@123, Error)</a> <!-- method navigator-link -->
                      </span>
                      <br/>
                      <span>
                        <img src="failed.png" width="3%"/>
                        <a href="#" panel-name="suite-Automation_Suite" title="com.automation.tests.SignInTest" class="method navigator-link" hash-for-method="testSignIn(Empty Password, testuser@example.com, , Empty)">testSignIn(Empty Password, testuser@example.com, , Empty)</a> <!-- method navigator-link -->
                      </span>
                      <br/>
                      <span>
                        <img src="failed.png" width="3%"/>
                        <a href="#" panel-name="suite-Automation_Suite" title="com.automation.tests.SignInTest" class="method navigator-link" hash-for-method="testSignIn(Invalid Email Format, testuser, Password@123, Error)">testSignIn(Invalid Email Format, testuser, Password@123, Error)</a> <!-- method navigator-link -->
                      </span>
                      <br/>
                    </div> <!-- method-list-content failed suite-Automation_Suite -->
                  </li>
                  <li>
                    <span class="method-list-title passed">Passed methods</span>
                    <span class="show-or-hide-methods passed">
                      <a href="#" panel-name="suite-Automation_Suite" class="hide-methods passed suite-Automation_Suite"> (hide)</a> <!-- hide-methods passed suite-Automation_Suite -->
                      <a href="#" panel-name="suite-Automation_Suite" class="show-methods passed suite-Automation_Suite"> (show)</a> <!-- show-methods passed suite-Automation_Suite -->
                    </span>
                    <div class="method-list-content passed suite-Automation_Suite">
                      <span>
                        <img src="passed.png" width="3%"/>
                        <a href="#" panel-name="suite-Automation_Suite" title="com.automation.tests.SignInTest" class="method navigator-link" hash-for-method="testSignIn(Valid Login, testuser@example.com, Password@123, Success)">testSignIn(Valid Login, testuser@example.com, Password@123, Success)</a> <!-- method navigator-link -->
                      </span>
                      <br/>
                    </div> <!-- method-list-content passed suite-Automation_Suite -->
                  </li>
                </ul>
              </div> <!-- suite-section-content -->
            </div> <!-- result-section -->
          </div> <!-- navigator-suite-content -->
        </div> <!-- rounded-window -->
      </div> <!-- suite -->
    </div> <!-- navigator-root -->
    <div class="wrapper">
      <div class="main-panel-root">
        <div panel-name="suite-Automation_Suite" class="panel Automation_Suite">
          <div class="suite-Automation_Suite-class-failed">
            <div class="main-panel-header rounded-window-top">
              <img src="failed.png"/>
              <span class="class-name">com.automation.tests.SignInTest</span>
            </div> <!-- main-panel-header rounded-window-top -->
            <div class="main-panel-content rounded-window-bottom">
              <div class="method">
                <div class="method-content">
                  <a name="testSignIn(Empty Email, , Password@123, Empty)">
                  </a> <!-- testSignIn(Empty Email, , Password@123, Empty) -->
                  <span class="method-name">testSignIn</span>
                  <span class="parameters">(Empty Email,,Password@123,Empty)</span>
                  <div class="stack-trace">java.lang.RuntimeException: Element not found with ID: null, XPath: //android.widget.EditText[@hint=&apos;Email&apos;], AccessID: null
	at com.automation.pages.SignInPage.findElementWithFallback(SignInPage.java:40)
	at com.automation.pages.SignInPage.enterEmail(SignInPage.java:49)
	at com.automation.tests.SignInTest.testSignIn(SignInTest.java:34)
	at java.base/java.util.ArrayList.forEach(ArrayList.java:1541)
... Removed 31 stack frames
</div> <!-- stack-trace -->
                </div> <!-- method-content -->
              </div> <!-- method -->
              <div class="method">
                <div class="method-content">
                  <a name="testSignIn(Invalid Password, testuser@example.com, WrongPass, Error)">
                  </a> <!-- testSignIn(Invalid Password, testuser@example.com, WrongPass, Error) -->
                  <span class="method-name">testSignIn</span>
                  <span class="parameters">(Invalid Password,testuser@example.com,WrongPass,Error)</span>
                  <div class="stack-trace">java.lang.AssertionError: null
	at com.automation.tests.SignInTest.testSignIn(SignInTest.java:92)
	at java.base/java.util.ArrayList.forEach(ArrayList.java:1541)
... Removed 33 stack frames
</div> <!-- stack-trace -->
                </div> <!-- method-content -->
              </div> <!-- method -->
              <div class="method">
                <div class="method-content">
                  <a name="testSignIn(Both Empty, , , Empty)">
                  </a> <!-- testSignIn(Both Empty, , , Empty) -->
                  <span class="method-name">testSignIn</span>
                  <span class="parameters">(Both Empty,,,Empty)</span>
                  <div class="stack-trace">java.lang.RuntimeException: Element not found with ID: null, XPath: //android.widget.EditText[@hint=&apos;Email&apos;], AccessID: null
	at com.automation.pages.SignInPage.findElementWithFallback(SignInPage.java:40)
	at com.automation.pages.SignInPage.enterEmail(SignInPage.java:49)
	at com.automation.tests.SignInTest.testSignIn(SignInTest.java:34)
	at java.base/java.util.ArrayList.forEach(ArrayList.java:1541)
... Removed 31 stack frames
</div> <!-- stack-trace -->
                </div> <!-- method-content -->
              </div> <!-- method -->
              <div class="method">
                <div class="method-content">
                  <a name="testSignIn(Non-existent Account, notfound@example.com, Password@123, Error)">
                  </a> <!-- testSignIn(Non-existent Account, notfound@example.com, Password@123, Error) -->
                  <span class="method-name">testSignIn</span>
                  <span class="parameters">(Non-existent Account,notfound@example.com,Password@123,Error)</span>
                  <div class="stack-trace">java.lang.AssertionError: null
	at com.automation.tests.SignInTest.testSignIn(SignInTest.java:92)
	at java.base/java.util.ArrayList.forEach(ArrayList.java:1541)
... Removed 33 stack frames
</div> <!-- stack-trace -->
                </div> <!-- method-content -->
              </div> <!-- method -->
              <div class="method">
                <div class="method-content">
                  <a name="testSignIn(Empty Password, testuser@example.com, , Empty)">
                  </a> <!-- testSignIn(Empty Password, testuser@example.com, , Empty) -->
                  <span class="method-name">testSignIn</span>
                  <span class="parameters">(Empty Password,testuser@example.com,,Empty)</span>
                  <div class="stack-trace">java.lang.AssertionError: null
	at com.automation.tests.SignInTest.testSignIn(SignInTest.java:68)
	at java.base/java.util.ArrayList.forEach(ArrayList.java:1541)
... Removed 33 stack frames
</div> <!-- stack-trace -->
                </div> <!-- method-content -->
              </div> <!-- method -->
              <div class="method">
                <div class="method-content">
                  <a name="testSignIn(Invalid Email Format, testuser, Password@123, Error)">
                  </a> <!-- testSignIn(Invalid Email Format, testuser, Password@123, Error) -->
                  <span class="method-name">testSignIn</span>
                  <span class="parameters">(Invalid Email Format,testuser,Password@123,Error)</span>
                  <div class="stack-trace">java.lang.AssertionError: null
	at com.automation.tests.SignInTest.testSignIn(SignInTest.java:92)
	at java.base/java.util.ArrayList.forEach(ArrayList.java:1541)
... Removed 33 stack frames
</div> <!-- stack-trace -->
                </div> <!-- method-content -->
              </div> <!-- method -->
            </div> <!-- main-panel-content rounded-window-bottom -->
          </div> <!-- suite-Automation_Suite-class-failed -->
          <div class="suite-Automation_Suite-class-passed">
            <div class="main-panel-header rounded-window-top">
              <img src="passed.png"/>
              <span class="class-name">com.automation.tests.SignInTest</span>
            </div> <!-- main-panel-header rounded-window-top -->
            <div class="main-panel-content rounded-window-bottom">
              <div class="method">
                <div class="method-content">
                  <a name="testSignIn(Valid Login, testuser@example.com, Password@123, Success)">
                  </a> <!-- testSignIn(Valid Login, testuser@example.com, Password@123, Success) -->
                  <span class="method-name">testSignIn</span>
                  <span class="parameters">(Valid Login,testuser@example.com,Password@123,Success)</span>
                </div> <!-- method-content -->
              </div> <!-- method -->
            </div> <!-- main-panel-content rounded-window-bottom -->
          </div> <!-- suite-Automation_Suite-class-passed -->
        </div> <!-- panel Automation_Suite -->
        <div panel-name="test-xml-Automation_Suite" class="panel">
          <div class="main-panel-header rounded-window-top">
            <span class="header-content">/home/ds/Cyber-human-kt-auto/mobile-automation-java/testng.xml</span>
          </div> <!-- main-panel-header rounded-window-top -->
          <div class="main-panel-content rounded-window-bottom">
            <pre>
&lt;?xml version=&quot;1.0&quot; encoding=&quot;UTF-8&quot;?&gt;
&lt;!DOCTYPE suite SYSTEM &quot;https://testng.org/testng-1.0.dtd&quot;&gt;
&lt;suite thread-count=&quot;1&quot; name=&quot;Automation Suite&quot; guice-stage=&quot;DEVELOPMENT&quot; verbose=&quot;0&quot;&gt;
  &lt;test thread-count=&quot;1&quot; name=&quot;SignIn Tests&quot; verbose=&quot;0&quot;&gt;
    &lt;classes&gt;
      &lt;class name=&quot;com.automation.tests.SignInTest&quot;&gt;
        &lt;methods&gt;
          &lt;include name=&quot;testSignIn&quot;/&gt;
        &lt;/methods&gt;
      &lt;/class&gt; &lt;!-- com.automation.tests.SignInTest --&gt;
    &lt;/classes&gt;
  &lt;/test&gt; &lt;!-- SignIn Tests --&gt;
&lt;/suite&gt; &lt;!-- Automation Suite --&gt;
            </pre>
          </div> <!-- main-panel-content rounded-window-bottom -->
        </div> <!-- panel -->
        <div panel-name="testlist-Automation_Suite" class="panel">
          <div class="main-panel-header rounded-window-top">
            <span class="header-content">Tests for Automation Suite</span>
          </div> <!-- main-panel-header rounded-window-top -->
          <div class="main-panel-content rounded-window-bottom">
            <ul>
              <li>
                <span class="test-name">SignIn Tests (1 class)</span>
              </li>
            </ul>
          </div> <!-- main-panel-content rounded-window-bottom -->
        </div> <!-- panel -->
        <div panel-name="group-Automation_Suite" class="panel">
          <div class="main-panel-header rounded-window-top">
            <span class="header-content">Groups for Automation Suite</span>
          </div> <!-- main-panel-header rounded-window-top -->
          <div class="main-panel-content rounded-window-bottom">
          </div> <!-- main-panel-content rounded-window-bottom -->
        </div> <!-- panel -->
        <div panel-name="times-Automation_Suite" class="panel">
          <div class="main-panel-header rounded-window-top">
            <span class="header-content">Times for Automation Suite</span>
          </div> <!-- main-panel-header rounded-window-top -->
          <div class="main-panel-content rounded-window-bottom">
            <div class="times-div">
              <script type="text/javascript">
suiteTableInitFunctions.push('tableData_Automation_Suite');
function tableData_Automation_Suite() {
var data = new google.visualization.DataTable();
data.addColumn('number', 'Number');
data.addColumn('string', 'Method');
data.addColumn('string', 'Class');
data.addColumn('number', 'Time (ms)');
data.addRows(7);
data.setCell(0, 0, 0)
data.setCell(0, 1, 'testSignIn')
data.setCell(0, 2, 'com.automation.tests.SignInTest')
data.setCell(0, 3, 39001);
data.setCell(1, 0, 1)
data.setCell(1, 1, 'testSignIn')
data.setCell(1, 2, 'com.automation.tests.SignInTest')
data.setCell(1, 3, 38981);
data.setCell(2, 0, 2)
data.setCell(2, 1, 'testSignIn')
data.setCell(2, 2, 'com.automation.tests.SignInTest')
data.setCell(2, 3, 38374);
data.setCell(3, 0, 3)
data.setCell(3, 1, 'testSignIn')
data.setCell(3, 2, 'com.automation.tests.SignInTest')
data.setCell(3, 3, 15358);
data.setCell(4, 0, 4)
data.setCell(4, 1, 'testSignIn')
data.setCell(4, 2, 'com.automation.tests.SignInTest')
data.setCell(4, 3, 13143);
data.setCell(5, 0, 5)
data.setCell(5, 1, 'testSignIn')
data.setCell(5, 2, 'com.automation.tests.SignInTest')
data.setCell(5, 3, 12967);
data.setCell(6, 0, 6)
data.setCell(6, 1, 'testSignIn')
data.setCell(6, 2, 'com.automation.tests.SignInTest')
data.setCell(6, 3, 7898);
window.suiteTableData['Automation_Suite']= { tableData: data, tableDiv: 'times-div-Automation_Suite'}
return data;
}
              </script>
              <span class="suite-total-time">Total running time: 2 minutes</span>
              <div id="times-div-Automation_Suite">
              </div> <!-- times-div-Automation_Suite -->
            </div> <!-- times-div -->
          </div> <!-- main-panel-content rounded-window-bottom -->
        </div> <!-- panel -->
        <div panel-name="reporter-Automation_Suite" class="panel">
          <div class="main-panel-header rounded-window-top">
            <span class="header-content">Reporter output for Automation Suite</span>
          </div> <!-- main-panel-header rounded-window-top -->
          <div class="main-panel-content rounded-window-bottom">
          </div> <!-- main-panel-content rounded-window-bottom -->
        </div> <!-- panel -->
        <div panel-name="ignored-methods-Automation_Suite" class="panel">
          <div class="main-panel-header rounded-window-top">
            <span class="header-content">0 ignored methods</span>
          </div> <!-- main-panel-header rounded-window-top -->
          <div class="main-panel-content rounded-window-bottom">
          </div> <!-- main-panel-content rounded-window-bottom -->
        </div> <!-- panel -->
        <div panel-name="chronological-Automation_Suite" class="panel">
          <div class="main-panel-header rounded-window-top">
            <span class="header-content">Methods in chronological order</span>
          </div> <!-- main-panel-header rounded-window-top -->
          <div class="main-panel-content rounded-window-bottom">
            <div class="chronological-class">
              <div class="chronological-class-name">com.automation.tests.SignInTest</div> <!-- chronological-class-name -->
              <div class="configuration-suite before">
                <span class="method-name">setupReport</span>
                <span class="method-start">0 ms</span>
              </div> <!-- configuration-suite before -->
              <div class="configuration-method before">
                <span class="method-name">setup</span>
                <span class="method-start">309 ms</span>
              </div> <!-- configuration-method before -->
              <div class="test-method">
                <span class="method-name">testSignIn(Valid Login, testuser@example.com, Password@123, Success)</span>
                <span class="method-start">6486 ms</span>
              </div> <!-- test-method -->
              <div class="configuration-method after">
                <span class="method-name">tearDown([TestResult name=testSignIn status=SUCCESS method=SignInTest.testSignIn(java.lang.String,java.lang.S...)</span>
                <span class="method-start">14388 ms</span>
              </div> <!-- configuration-method after -->
              <div class="configuration-method before">
                <span class="method-name">setup</span>
                <span class="method-start">15672 ms</span>
              </div> <!-- configuration-method before -->
              <div class="test-method">
                <img src="failed.png">
                </img>
                <span class="method-name">testSignIn(Invalid Password, testuser@example.com, WrongPass, Error)</span>
                <span class="method-start">20329 ms</span>
              </div> <!-- test-method -->
              <div class="configuration-method after">
                <span class="method-name">tearDown([TestResult name=testSignIn status=FAILURE method=SignInTest.testSignIn(java.lang.String,java.lang.S...)</span>
                <span class="method-start">35692 ms</span>
              </div> <!-- configuration-method after -->
              <div class="configuration-method before">
                <span class="method-name">setup</span>
                <span class="method-start">36808 ms</span>
              </div> <!-- configuration-method before -->
              <div class="test-method">
                <img src="failed.png">
                </img>
                <span class="method-name">testSignIn(Invalid Email Format, testuser, Password@123, Error)</span>
                <span class="method-start">41559 ms</span>
              </div> <!-- test-method -->
              <div class="configuration-method after">
                <span class="method-name">tearDown([TestResult name=testSignIn status=FAILURE method=SignInTest.testSignIn(java.lang.String,java.lang.S...)</span>
                <span class="method-start">80542 ms</span>
              </div> <!-- configuration-method after -->
              <div class="configuration-method before">
                <span class="method-name">setup</span>
                <span class="method-start">82558 ms</span>
              </div> <!-- configuration-method before -->
              <div class="test-method">
                <img src="failed.png">
                </img>
                <span class="method-name">testSignIn(Non-existent Account, notfound@example.com, Password@123, Error)</span>
                <span class="method-start">87371 ms</span>
              </div> <!-- test-method -->
              <div class="configuration-method after">
                <span class="method-name">tearDown([TestResult name=testSignIn status=FAILURE method=SignInTest.testSignIn(java.lang.String,java.lang.S...)</span>
                <span class="method-start">126374 ms</span>
              </div> <!-- configuration-method after -->
              <div class="configuration-method before">
                <span class="method-name">setup</span>
                <span class="method-start">128523 ms</span>
              </div> <!-- configuration-method before -->
              <div class="test-method">
                <img src="failed.png">
                </img>
                <span class="method-name">testSignIn(Empty Email, , Password@123, Empty)</span>
                <span class="method-start">131928 ms</span>
              </div> <!-- test-method -->
              <div class="configuration-method after">
                <span class="method-name">tearDown([TestResult name=testSignIn status=FAILURE method=SignInTest.testSignIn(java.lang.String,java.lang.S...)</span>
                <span class="method-start">145073 ms</span>
              </div> <!-- configuration-method after -->
              <div class="configuration-method before">
                <span class="method-name">setup</span>
                <span class="method-start">147415 ms</span>
              </div> <!-- configuration-method before -->
              <div class="test-method">
                <img src="failed.png">
                </img>
                <span class="method-name">testSignIn(Empty Password, testuser@example.com, , Empty)</span>
                <span class="method-start">152174 ms</span>
              </div> <!-- test-method -->
              <div class="configuration-method after">
                <span class="method-name">tearDown([TestResult name=testSignIn status=FAILURE method=SignInTest.testSignIn(java.lang.String,java.lang.S...)</span>
                <span class="method-start">190551 ms</span>
              </div> <!-- configuration-method after -->
              <div class="configuration-method before">
                <span class="method-name">setup</span>
                <span class="method-start">192696 ms</span>
              </div> <!-- configuration-method before -->
              <div class="test-method">
                <img src="failed.png">
                </img>
                <span class="method-name">testSignIn(Both Empty, , , Empty)</span>
                <span class="method-start">196059 ms</span>
              </div> <!-- test-method -->
              <div class="configuration-method after">
                <span class="method-name">tearDown([TestResult name=testSignIn status=FAILURE method=SignInTest.testSignIn(java.lang.String,java.lang.S...)</span>
                <span class="method-start">209028 ms</span>
              </div> <!-- configuration-method after -->
              <div class="configuration-suite after">
                <span class="method-name">tearDownReport</span>
                <span class="method-start">211156 ms</span>
              </div> <!-- configuration-suite after -->
          </div> <!-- main-panel-content rounded-window-bottom -->
        </div> <!-- panel -->
      </div> <!-- main-panel-root -->
    </div> <!-- wrapper -->
  </body>
<script type="text/javascript" src="testng-reports2.js"></script>
</html>
