<?xml version="1.0" encoding="UTF-8"?>
<testng-results ignored="0" total="4" passed="4" failed="0" skipped="0">
  <reporter-output>
  </reporter-output>
  <suite started-at="2025-12-24T19:59:30 IST" name="Surefire suite" finished-at="2025-12-24T20:02:24 IST" duration-ms="174514">
    <groups>
    </groups>
    <test started-at="2025-12-24T19:59:30 IST" name="Surefire test" finished-at="2025-12-24T20:02:24 IST" duration-ms="174514">
      <class name="com.automation.tests.DataBankTest">
        <test-method is-config="true" signature="setupReport()[pri:0, instance:com.automation.tests.DataBankTest@7722c3c3]" started-at="2025-12-24T19:59:30 IST" name="setupReport" finished-at="2025-12-24T19:59:30 IST" duration-ms="176" status="PASS">
          <reporter-output>
          </reporter-output>
        </test-method> <!-- setupReport -->
        <test-method is-config="true" signature="setup()[pri:0, instance:com.automation.tests.DataBankTest@7722c3c3]" started-at="2025-12-24T19:59:30 IST" name="setup" finished-at="2025-12-24T19:59:35 IST" duration-ms="5132" status="PASS">
          <reporter-output>
          </reporter-output>
        </test-method> <!-- setup -->
        <test-method signature="testDataBank_Case1()[pri:1, instance:com.automation.tests.DataBankTest@7722c3c3]" started-at="2025-12-24T19:59:35 IST" name="testDataBank_Case1" finished-at="2025-12-24T19:59:47 IST" duration-ms="11426" status="PASS">
          <reporter-output>
          </reporter-output>
        </test-method> <!-- testDataBank_Case1 -->
        <test-method is-config="true" signature="tearDown(org.testng.ITestResult)[pri:0, instance:com.automation.tests.DataBankTest@7722c3c3]" started-at="2025-12-24T19:59:47 IST" name="tearDown" finished-at="2025-12-24T19:59:50 IST" duration-ms="3159" status="PASS">
          <params>
            <param index="0">
              <value>
                <![CDATA[[TestResult name=testDataBank_Case1 status=SUCCESS method=DataBankTest.testDataBank_Case1()[pri:1, instance:com.automation.tests.DataBankTest@7722c3c3] output={null}]]]>
              </value>
            </param>
          </params>
          <reporter-output>
          </reporter-output>
        </test-method> <!-- tearDown -->
        <test-method is-config="true" signature="setup()[pri:0, instance:com.automation.tests.DataBankTest@7722c3c3]" started-at="2025-12-24T19:59:50 IST" name="setup" finished-at="2025-12-24T19:59:54 IST" duration-ms="4458" status="PASS">
          <reporter-output>
          </reporter-output>
        </test-method> <!-- setup -->
        <test-method signature="testDataBank_Case2()[pri:2, instance:com.automation.tests.DataBankTest@7722c3c3]" started-at="2025-12-24T19:59:54 IST" name="testDataBank_Case2" finished-at="2025-12-24T20:01:09 IST" duration-ms="74716" status="PASS">
          <reporter-output>
          </reporter-output>
        </test-method> <!-- testDataBank_Case2 -->
        <test-method is-config="true" signature="tearDown(org.testng.ITestResult)[pri:0, instance:com.automation.tests.DataBankTest@7722c3c3]" started-at="2025-12-24T20:01:09 IST" name="tearDown" finished-at="2025-12-24T20:01:12 IST" duration-ms="3114" status="PASS">
          <params>
            <param index="0">
              <value>
                <![CDATA[[TestResult name=testDataBank_Case2 status=SUCCESS method=DataBankTest.testDataBank_Case2()[pri:2, instance:com.automation.tests.DataBankTest@7722c3c3] output={null}]]]>
              </value>
            </param>
          </params>
          <reporter-output>
          </reporter-output>
        </test-method> <!-- tearDown -->
        <test-method is-config="true" signature="setup()[pri:0, instance:com.automation.tests.DataBankTest@7722c3c3]" started-at="2025-12-24T20:01:12 IST" name="setup" finished-at="2025-12-24T20:01:17 IST" duration-ms="4790" status="PASS">
          <reporter-output>
          </reporter-output>
        </test-method> <!-- setup -->
        <test-method signature="testDataBank_Case3()[pri:3, instance:com.automation.tests.DataBankTest@7722c3c3]" started-at="2025-12-24T20:01:17 IST" name="testDataBank_Case3" finished-at="2025-12-24T20:01:46 IST" duration-ms="28916" status="PASS">
          <reporter-output>
          </reporter-output>
        </test-method> <!-- testDataBank_Case3 -->
        <test-method is-config="true" signature="tearDown(org.testng.ITestResult)[pri:0, instance:com.automation.tests.DataBankTest@7722c3c3]" started-at="2025-12-24T20:01:46 IST" name="tearDown" finished-at="2025-12-24T20:01:49 IST" duration-ms="3176" status="PASS">
          <params>
            <param index="0">
              <value>
                <![CDATA[[TestResult name=testDataBank_Case3 status=SUCCESS method=DataBankTest.testDataBank_Case3()[pri:3, instance:com.automation.tests.DataBankTest@7722c3c3] output={null}]]]>
              </value>
            </param>
          </params>
          <reporter-output>
          </reporter-output>
        </test-method> <!-- tearDown -->
        <test-method is-config="true" signature="setup()[pri:0, instance:com.automation.tests.DataBankTest@7722c3c3]" started-at="2025-12-24T20:01:49 IST" name="setup" finished-at="2025-12-24T20:01:54 IST" duration-ms="4714" status="PASS">
          <reporter-output>
          </reporter-output>
        </test-method> <!-- setup -->
        <test-method signature="testDataBank_Case4()[pri:4, instance:com.automation.tests.DataBankTest@7722c3c3]" started-at="2025-12-24T20:01:54 IST" name="testDataBank_Case4" finished-at="2025-12-24T20:02:21 IST" duration-ms="27804" status="PASS">
          <reporter-output>
          </reporter-output>
        </test-method> <!-- testDataBank_Case4 -->
        <test-method is-config="true" signature="tearDown(org.testng.ITestResult)[pri:0, instance:com.automation.tests.DataBankTest@7722c3c3]" started-at="2025-12-24T20:02:21 IST" name="tearDown" finished-at="2025-12-24T20:02:24 IST" duration-ms="3068" status="PASS">
          <params>
            <param index="0">
              <value>
                <![CDATA[[TestResult name=testDataBank_Case4 status=SUCCESS method=DataBankTest.testDataBank_Case4()[pri:4, instance:com.automation.tests.DataBankTest@7722c3c3] output={null}]]]>
              </value>
            </param>
          </params>
          <reporter-output>
          </reporter-output>
        </test-method> <!-- tearDown -->
        <test-method is-config="true" signature="tearDownReport()[pri:0, instance:com.automation.tests.DataBankTest@7722c3c3]" started-at="2025-12-24T20:02:24 IST" name="tearDownReport" finished-at="2025-12-24T20:02:25 IST" duration-ms="197" status="PASS">
          <reporter-output>
          </reporter-output>
        </test-method> <!-- tearDownReport -->
      </class> <!-- com.automation.tests.DataBankTest -->
    </test> <!-- Surefire test -->
  </suite> <!-- Surefire suite -->
</testng-results>
