<?xml version="1.0" encoding="UTF-8"?>
<testng-results ignored="0" total="1" passed="1" failed="0" skipped="0">
  <reporter-output>
  </reporter-output>
  <suite started-at="2025-12-30T18:15:42 IST" name="Surefire suite" finished-at="2025-12-30T18:18:51 IST" duration-ms="189141">
    <groups>
    </groups>
    <test started-at="2025-12-30T18:15:42 IST" name="Surefire test" finished-at="2025-12-30T18:18:51 IST" duration-ms="189141">
      <class name="com.automation.tests.ForgotPasswordTest">
        <test-method is-config="true" signature="setupReport()[pri:0, instance:com.automation.tests.ForgotPasswordTest@130161f7]" started-at="2025-12-30T18:15:42 IST" name="setupReport" finished-at="2025-12-30T18:15:42 IST" duration-ms="447" status="PASS">
          <reporter-output>
          </reporter-output>
        </test-method> <!-- setupReport -->
        <test-method is-config="true" signature="setup(java.lang.reflect.Method)[pri:0, instance:com.automation.tests.ForgotPasswordTest@130161f7]" started-at="2025-12-30T18:15:42 IST" name="setup" finished-at="2025-12-30T18:15:51 IST" duration-ms="9251" status="PASS">
          <params>
            <param index="0">
              <value>
                <![CDATA[public void com.automation.tests.ForgotPasswordTest.testForgotPasswordFlow() throws java.lang.InterruptedException]]>
              </value>
            </param>
          </params>
          <reporter-output>
          </reporter-output>
        </test-method> <!-- setup -->
        <test-method is-config="true" signature="navigateToSignInPageBeforeTest()[pri:0, instance:com.automation.tests.ForgotPasswordTest@130161f7]" started-at="2025-12-30T18:15:51 IST" name="navigateToSignInPageBeforeTest" finished-at="2025-12-30T18:15:55 IST" duration-ms="3688" status="PASS">
          <reporter-output>
          </reporter-output>
        </test-method> <!-- navigateToSignInPageBeforeTest -->
        <test-method signature="testForgotPasswordFlow()[pri:1, instance:com.automation.tests.ForgotPasswordTest@130161f7]" started-at="2025-12-30T18:15:55 IST" name="testForgotPasswordFlow" finished-at="2025-12-30T18:18:48 IST" duration-ms="172997" status="PASS">
          <reporter-output>
          </reporter-output>
        </test-method> <!-- testForgotPasswordFlow -->
        <test-method is-config="true" signature="tearDown(org.testng.ITestResult)[pri:0, instance:com.automation.tests.ForgotPasswordTest@130161f7]" started-at="2025-12-30T18:18:48 IST" name="tearDown" finished-at="2025-12-30T18:18:51 IST" duration-ms="3136" status="PASS">
          <params>
            <param index="0">
              <value>
                <![CDATA[[TestResult name=testForgotPasswordFlow status=SUCCESS method=ForgotPasswordTest.testForgotPasswordFlow()[pri:1, instance:com.automation.tests.ForgotPasswordTest@130161f7] output={null}]]]>
              </value>
            </param>
          </params>
          <reporter-output>
          </reporter-output>
        </test-method> <!-- tearDown -->
        <test-method is-config="true" signature="tearDownReport()[pri:0, instance:com.automation.tests.ForgotPasswordTest@130161f7]" started-at="2025-12-30T18:18:51 IST" name="tearDownReport" finished-at="2025-12-30T18:18:52 IST" duration-ms="568" status="PASS">
          <reporter-output>
          </reporter-output>
        </test-method> <!-- tearDownReport -->
      </class> <!-- com.automation.tests.ForgotPasswordTest -->
    </test> <!-- Surefire test -->
  </suite> <!-- Surefire suite -->
</testng-results>
