<?xml version="1.0" encoding="UTF-8"?>
<testng-results ignored="0" total="1" passed="1" failed="0" skipped="0">
  <reporter-output>
  </reporter-output>
  <suite started-at="2025-12-23T13:09:48 IST" name="Surefire suite" finished-at="2025-12-23T13:11:14 IST" duration-ms="86783">
    <groups>
    </groups>
    <test started-at="2025-12-23T13:09:48 IST" name="Surefire test" finished-at="2025-12-23T13:11:14 IST" duration-ms="86783">
      <class name="com.automation.tests.DailyPrescriptionTest">
        <test-method is-config="true" signature="setupReport()[pri:0, instance:com.automation.tests.DailyPrescriptionTest@c33b74f]" started-at="2025-12-23T13:09:48 IST" name="setupReport" finished-at="2025-12-23T13:09:48 IST" duration-ms="140" status="PASS">
          <reporter-output>
          </reporter-output>
        </test-method> <!-- setupReport -->
        <test-method is-config="true" signature="setup()[pri:0, instance:com.automation.tests.DailyPrescriptionTest@c33b74f]" started-at="2025-12-23T13:09:48 IST" name="setup" finished-at="2025-12-23T13:09:53 IST" duration-ms="5118" status="PASS">
          <reporter-output>
          </reporter-output>
        </test-method> <!-- setup -->
        <test-method signature="testScheduleTimeAndFileCreation()[pri:0, instance:com.automation.tests.DailyPrescriptionTest@c33b74f]" started-at="2025-12-23T13:09:53 IST" name="testScheduleTimeAndFileCreation" finished-at="2025-12-23T13:11:11 IST" duration-ms="78368" status="PASS">
          <reporter-output>
          </reporter-output>
        </test-method> <!-- testScheduleTimeAndFileCreation -->
        <test-method is-config="true" signature="tearDown(org.testng.ITestResult)[pri:0, instance:com.automation.tests.DailyPrescriptionTest@c33b74f]" started-at="2025-12-23T13:11:11 IST" name="tearDown" finished-at="2025-12-23T13:11:14 IST" duration-ms="3268" status="PASS">
          <params>
            <param index="0">
              <value>
                <![CDATA[[TestResult name=testScheduleTimeAndFileCreation status=SUCCESS method=DailyPrescriptionTest.testScheduleTimeAndFileCreation()[pri:0, instance:com.automation.tests.DailyPrescriptionTest@c33b74f] output={null}]]]>
              </value>
            </param>
          </params>
          <reporter-output>
          </reporter-output>
        </test-method> <!-- tearDown -->
        <test-method is-config="true" signature="tearDownReport()[pri:0, instance:com.automation.tests.DailyPrescriptionTest@c33b74f]" started-at="2025-12-23T13:11:15 IST" name="tearDownReport" finished-at="2025-12-23T13:11:15 IST" duration-ms="233" status="PASS">
          <reporter-output>
          </reporter-output>
        </test-method> <!-- tearDownReport -->
      </class> <!-- com.automation.tests.DailyPrescriptionTest -->
    </test> <!-- Surefire test -->
  </suite> <!-- Surefire suite -->
</testng-results>
