<?xml version="1.0" encoding="UTF-8"?>
<testng-results ignored="0" total="1" passed="1" failed="0" skipped="0">
  <reporter-output>
  </reporter-output>
  <suite started-at="2025-12-24T13:37:30 IST" name="Surefire suite" finished-at="2025-12-24T13:38:48 IST" duration-ms="77835">
    <groups>
    </groups>
    <test started-at="2025-12-24T13:37:30 IST" name="Surefire test" finished-at="2025-12-24T13:38:48 IST" duration-ms="77835">
      <class name="com.automation.tests.DataBankTest">
        <test-method is-config="true" signature="setupReport()[pri:0, instance:com.automation.tests.DataBankTest@2f7298b]" started-at="2025-12-24T13:37:30 IST" name="setupReport" finished-at="2025-12-24T13:37:30 IST" duration-ms="181" status="PASS">
          <reporter-output>
          </reporter-output>
        </test-method> <!-- setupReport -->
        <test-method is-config="true" signature="setup()[pri:0, instance:com.automation.tests.DataBankTest@2f7298b]" started-at="2025-12-24T13:37:30 IST" name="setup" finished-at="2025-12-24T13:37:36 IST" duration-ms="5228" status="PASS">
          <reporter-output>
          </reporter-output>
        </test-method> <!-- setup -->
        <test-method signature="testDataBank_Case2()[pri:2, instance:com.automation.tests.DataBankTest@2f7298b]" started-at="2025-12-24T13:37:36 IST" name="testDataBank_Case2" finished-at="2025-12-24T13:38:45 IST" duration-ms="69484" status="PASS">
          <reporter-output>
          </reporter-output>
        </test-method> <!-- testDataBank_Case2 -->
        <test-method is-config="true" signature="tearDown(org.testng.ITestResult)[pri:0, instance:com.automation.tests.DataBankTest@2f7298b]" started-at="2025-12-24T13:38:45 IST" name="tearDown" finished-at="2025-12-24T13:38:48 IST" duration-ms="3093" status="PASS">
          <params>
            <param index="0">
              <value>
                <![CDATA[[TestResult name=testDataBank_Case2 status=SUCCESS method=DataBankTest.testDataBank_Case2()[pri:2, instance:com.automation.tests.DataBankTest@2f7298b] output={null}]]]>
              </value>
            </param>
          </params>
          <reporter-output>
          </reporter-output>
        </test-method> <!-- tearDown -->
        <test-method is-config="true" signature="tearDownReport()[pri:0, instance:com.automation.tests.DataBankTest@2f7298b]" started-at="2025-12-24T13:38:48 IST" name="tearDownReport" finished-at="2025-12-24T13:38:48 IST" duration-ms="320" status="PASS">
          <reporter-output>
          </reporter-output>
        </test-method> <!-- tearDownReport -->
      </class> <!-- com.automation.tests.DataBankTest -->
    </test> <!-- Surefire test -->
  </suite> <!-- Surefire suite -->
</testng-results>
