<?xml version="1.0" encoding="UTF-8"?>
<testng-results ignored="0" total="9" passed="9" failed="0" skipped="0">
  <reporter-output>
  </reporter-output>
  <suite started-at="2025-12-30T16:43:16 IST" name="Surefire suite" finished-at="2025-12-30T16:55:28 IST" duration-ms="732815">
    <groups>
    </groups>
    <test started-at="2025-12-30T16:43:16 IST" name="Surefire test" finished-at="2025-12-30T16:55:28 IST" duration-ms="732815">
      <class name="com.automation.tests.EditProfileTest">
        <test-method is-config="true" signature="setupReport()[pri:0, instance:com.automation.tests.EditProfileTest@5f058f00]" started-at="2025-12-30T16:43:15 IST" name="setupReport" finished-at="2025-12-30T16:43:16 IST" duration-ms="200" status="PASS">
          <reporter-output>
          </reporter-output>
        </test-method> <!-- setupReport -->
        <test-method is-config="true" signature="setup(java.lang.reflect.Method)[pri:0, instance:com.automation.tests.EditProfileTest@5f058f00]" started-at="2025-12-30T16:43:16 IST" name="setup" finished-at="2025-12-30T16:43:22 IST" duration-ms="6008" status="PASS">
          <params>
            <param index="0">
              <value>
                <![CDATA[public void com.automation.tests.EditProfileTest.testEditProfileWithDateGenderCountry() throws java.lang.InterruptedException]]>
              </value>
            </param>
          </params>
          <reporter-output>
          </reporter-output>
        </test-method> <!-- setup -->
        <test-method signature="testEditProfileWithDateGenderCountry()[pri:0, instance:com.automation.tests.EditProfileTest@5f058f00]" started-at="2025-12-30T16:43:22 IST" name="testEditProfileWithDateGenderCountry" finished-at="2025-12-30T16:44:58 IST" duration-ms="96085" status="PASS">
          <reporter-output>
          </reporter-output>
        </test-method> <!-- testEditProfileWithDateGenderCountry -->
        <test-method is-config="true" signature="tearDown(org.testng.ITestResult)[pri:0, instance:com.automation.tests.EditProfileTest@5f058f00]" started-at="2025-12-30T16:44:58 IST" name="tearDown" finished-at="2025-12-30T16:45:01 IST" duration-ms="3175" status="PASS">
          <params>
            <param index="0">
              <value>
                <![CDATA[[TestResult name=testEditProfileWithDateGenderCountry status=SUCCESS method=EditProfileTest.testEditProfileWithDateGenderCountry()[pri:0, instance:com.automation.tests.EditProfileTest@5f058f00] output={null}]]]>
              </value>
            </param>
          </params>
          <reporter-output>
          </reporter-output>
        </test-method> <!-- tearDown -->
        <test-method is-config="true" signature="setup(java.lang.reflect.Method)[pri:0, instance:com.automation.tests.EditProfileTest@5f058f00]" started-at="2025-12-30T16:45:01 IST" name="setup" finished-at="2025-12-30T16:45:06 IST" duration-ms="4599" status="PASS">
          <params>
            <param index="0">
              <value>
                <![CDATA[public void com.automation.tests.EditProfileTest.testNegativeEditProfile(java.lang.String,java.lang.String,java.lang.String,java.lang.String) throws java.lang.InterruptedException]]>
              </value>
            </param>
          </params>
          <reporter-output>
          </reporter-output>
        </test-method> <!-- setup -->
        <test-method signature="testNegativeEditProfile(java.lang.String,java.lang.String,java.lang.String,java.lang.String)[pri:0, instance:com.automation.tests.EditProfileTest@5f058f00]" started-at="2025-12-30T16:45:06 IST" name="testNegativeEditProfile" data-provider="negativeEditProfileData" finished-at="2025-12-30T16:46:18 IST" duration-ms="72486" status="PASS">
          <params>
            <param index="0">
              <value>
                <![CDATA[Email Without @]]>
              </value>
            </param>
            <param index="1">
              <value>
                <![CDATA[John Doe]]>
              </value>
            </param>
            <param index="2">
              <value>
                <![CDATA[testexample.com]]>
              </value>
            </param>
            <param index="3">
              <value>
                <![CDATA[123456789]]>
              </value>
            </param>
          </params>
          <reporter-output>
          </reporter-output>
        </test-method> <!-- testNegativeEditProfile -->
        <test-method is-config="true" signature="tearDown(org.testng.ITestResult)[pri:0, instance:com.automation.tests.EditProfileTest@5f058f00]" started-at="2025-12-30T16:46:18 IST" name="tearDown" finished-at="2025-12-30T16:46:21 IST" duration-ms="3152" status="PASS">
          <params>
            <param index="0">
              <value>
                <![CDATA[[TestResult name=testNegativeEditProfile status=SUCCESS method=EditProfileTest.testNegativeEditProfile(java.lang.String,java.lang.String,java.lang.String,java.lang.String)[pri:0, instance:com.automation.tests.EditProfileTest@5f058f00] output={null}]]]>
              </value>
            </param>
          </params>
          <reporter-output>
          </reporter-output>
        </test-method> <!-- tearDown -->
        <test-method is-config="true" signature="setup(java.lang.reflect.Method)[pri:0, instance:com.automation.tests.EditProfileTest@5f058f00]" started-at="2025-12-30T16:46:21 IST" name="setup" finished-at="2025-12-30T16:46:26 IST" duration-ms="4621" status="PASS">
          <params>
            <param index="0">
              <value>
                <![CDATA[public void com.automation.tests.EditProfileTest.testNegativeEditProfile(java.lang.String,java.lang.String,java.lang.String,java.lang.String) throws java.lang.InterruptedException]]>
              </value>
            </param>
          </params>
          <reporter-output>
          </reporter-output>
        </test-method> <!-- setup -->
        <test-method signature="testNegativeEditProfile(java.lang.String,java.lang.String,java.lang.String,java.lang.String)[pri:0, instance:com.automation.tests.EditProfileTest@5f058f00]" started-at="2025-12-30T16:46:26 IST" name="testNegativeEditProfile" data-provider="negativeEditProfileData" finished-at="2025-12-30T16:47:38 IST" duration-ms="71984" status="PASS">
          <params>
            <param index="0">
              <value>
                <![CDATA[Email Without Domain]]>
              </value>
            </param>
            <param index="1">
              <value>
                <![CDATA[John Doe]]>
              </value>
            </param>
            <param index="2">
              <value>
                <![CDATA[test@]]>
              </value>
            </param>
            <param index="3">
              <value>
                <![CDATA[123456789]]>
              </value>
            </param>
          </params>
          <reporter-output>
          </reporter-output>
        </test-method> <!-- testNegativeEditProfile -->
        <test-method is-config="true" signature="tearDown(org.testng.ITestResult)[pri:0, instance:com.automation.tests.EditProfileTest@5f058f00]" started-at="2025-12-30T16:47:38 IST" name="tearDown" finished-at="2025-12-30T16:47:41 IST" duration-ms="3052" status="PASS">
          <params>
            <param index="0">
              <value>
                <![CDATA[[TestResult name=testNegativeEditProfile status=SUCCESS method=EditProfileTest.testNegativeEditProfile(java.lang.String,java.lang.String,java.lang.String,java.lang.String)[pri:0, instance:com.automation.tests.EditProfileTest@5f058f00] output={null}]]]>
              </value>
            </param>
          </params>
          <reporter-output>
          </reporter-output>
        </test-method> <!-- tearDown -->
        <test-method is-config="true" signature="setup(java.lang.reflect.Method)[pri:0, instance:com.automation.tests.EditProfileTest@5f058f00]" started-at="2025-12-30T16:47:41 IST" name="setup" finished-at="2025-12-30T16:47:45 IST" duration-ms="4568" status="PASS">
          <params>
            <param index="0">
              <value>
                <![CDATA[public void com.automation.tests.EditProfileTest.testNegativeEditProfile(java.lang.String,java.lang.String,java.lang.String,java.lang.String) throws java.lang.InterruptedException]]>
              </value>
            </param>
          </params>
          <reporter-output>
          </reporter-output>
        </test-method> <!-- setup -->
        <test-method signature="testNegativeEditProfile(java.lang.String,java.lang.String,java.lang.String,java.lang.String)[pri:0, instance:com.automation.tests.EditProfileTest@5f058f00]" started-at="2025-12-30T16:47:45 IST" name="testNegativeEditProfile" data-provider="negativeEditProfileData" finished-at="2025-12-30T16:48:56 IST" duration-ms="70283" status="PASS">
          <params>
            <param index="0">
              <value>
                <![CDATA[Invalid Phone - Letters]]>
              </value>
            </param>
            <param index="1">
              <value>
                <![CDATA[John Doe]]>
              </value>
            </param>
            <param index="2">
              <value>
                <![CDATA[test@example.com]]>
              </value>
            </param>
            <param index="3">
              <value>
                <![CDATA[abcdefgh]]>
              </value>
            </param>
          </params>
          <reporter-output>
          </reporter-output>
        </test-method> <!-- testNegativeEditProfile -->
        <test-method is-config="true" signature="tearDown(org.testng.ITestResult)[pri:0, instance:com.automation.tests.EditProfileTest@5f058f00]" started-at="2025-12-30T16:48:56 IST" name="tearDown" finished-at="2025-12-30T16:48:59 IST" duration-ms="3122" status="PASS">
          <params>
            <param index="0">
              <value>
                <![CDATA[[TestResult name=testNegativeEditProfile status=SUCCESS method=EditProfileTest.testNegativeEditProfile(java.lang.String,java.lang.String,java.lang.String,java.lang.String)[pri:0, instance:com.automation.tests.EditProfileTest@5f058f00] output={null}]]]>
              </value>
            </param>
          </params>
          <reporter-output>
          </reporter-output>
        </test-method> <!-- tearDown -->
        <test-method is-config="true" signature="setup(java.lang.reflect.Method)[pri:0, instance:com.automation.tests.EditProfileTest@5f058f00]" started-at="2025-12-30T16:48:59 IST" name="setup" finished-at="2025-12-30T16:49:03 IST" duration-ms="4663" status="PASS">
          <params>
            <param index="0">
              <value>
                <![CDATA[public void com.automation.tests.EditProfileTest.testNegativeEditProfile(java.lang.String,java.lang.String,java.lang.String,java.lang.String) throws java.lang.InterruptedException]]>
              </value>
            </param>
          </params>
          <reporter-output>
          </reporter-output>
        </test-method> <!-- setup -->
        <test-method signature="testNegativeEditProfile(java.lang.String,java.lang.String,java.lang.String,java.lang.String)[pri:0, instance:com.automation.tests.EditProfileTest@5f058f00]" started-at="2025-12-30T16:49:03 IST" name="testNegativeEditProfile" data-provider="negativeEditProfileData" finished-at="2025-12-30T16:50:14 IST" duration-ms="70824" status="PASS">
          <params>
            <param index="0">
              <value>
                <![CDATA[Short Phone Number]]>
              </value>
            </param>
            <param index="1">
              <value>
                <![CDATA[John Doe]]>
              </value>
            </param>
            <param index="2">
              <value>
                <![CDATA[test@example.com]]>
              </value>
            </param>
            <param index="3">
              <value>
                <![CDATA[12]]>
              </value>
            </param>
          </params>
          <reporter-output>
          </reporter-output>
        </test-method> <!-- testNegativeEditProfile -->
        <test-method is-config="true" signature="tearDown(org.testng.ITestResult)[pri:0, instance:com.automation.tests.EditProfileTest@5f058f00]" started-at="2025-12-30T16:50:14 IST" name="tearDown" finished-at="2025-12-30T16:50:18 IST" duration-ms="3245" status="PASS">
          <params>
            <param index="0">
              <value>
                <![CDATA[[TestResult name=testNegativeEditProfile status=SUCCESS method=EditProfileTest.testNegativeEditProfile(java.lang.String,java.lang.String,java.lang.String,java.lang.String)[pri:0, instance:com.automation.tests.EditProfileTest@5f058f00] output={null}]]]>
              </value>
            </param>
          </params>
          <reporter-output>
          </reporter-output>
        </test-method> <!-- tearDown -->
        <test-method is-config="true" signature="setup(java.lang.reflect.Method)[pri:0, instance:com.automation.tests.EditProfileTest@5f058f00]" started-at="2025-12-30T16:50:18 IST" name="setup" finished-at="2025-12-30T16:50:22 IST" duration-ms="4594" status="PASS">
          <params>
            <param index="0">
              <value>
                <![CDATA[public void com.automation.tests.EditProfileTest.testNegativeEditProfile(java.lang.String,java.lang.String,java.lang.String,java.lang.String) throws java.lang.InterruptedException]]>
              </value>
            </param>
          </params>
          <reporter-output>
          </reporter-output>
        </test-method> <!-- setup -->
        <test-method signature="testNegativeEditProfile(java.lang.String,java.lang.String,java.lang.String,java.lang.String)[pri:0, instance:com.automation.tests.EditProfileTest@5f058f00]" started-at="2025-12-30T16:50:22 IST" name="testNegativeEditProfile" data-provider="negativeEditProfileData" finished-at="2025-12-30T16:51:35 IST" duration-ms="72670" status="PASS">
          <params>
            <param index="0">
              <value>
                <![CDATA[Invalid Email Format]]>
              </value>
            </param>
            <param index="1">
              <value>
                <![CDATA[John Doe]]>
              </value>
            </param>
            <param index="2">
              <value>
                <![CDATA[invalidemail]]>
              </value>
            </param>
            <param index="3">
              <value>
                <![CDATA[123456789]]>
              </value>
            </param>
          </params>
          <reporter-output>
          </reporter-output>
        </test-method> <!-- testNegativeEditProfile -->
        <test-method is-config="true" signature="tearDown(org.testng.ITestResult)[pri:0, instance:com.automation.tests.EditProfileTest@5f058f00]" started-at="2025-12-30T16:51:35 IST" name="tearDown" finished-at="2025-12-30T16:51:38 IST" duration-ms="3242" status="PASS">
          <params>
            <param index="0">
              <value>
                <![CDATA[[TestResult name=testNegativeEditProfile status=SUCCESS method=EditProfileTest.testNegativeEditProfile(java.lang.String,java.lang.String,java.lang.String,java.lang.String)[pri:0, instance:com.automation.tests.EditProfileTest@5f058f00] output={null}]]]>
              </value>
            </param>
          </params>
          <reporter-output>
          </reporter-output>
        </test-method> <!-- tearDown -->
        <test-method is-config="true" signature="setup(java.lang.reflect.Method)[pri:0, instance:com.automation.tests.EditProfileTest@5f058f00]" started-at="2025-12-30T16:51:38 IST" name="setup" finished-at="2025-12-30T16:51:43 IST" duration-ms="4619" status="PASS">
          <params>
            <param index="0">
              <value>
                <![CDATA[public void com.automation.tests.EditProfileTest.testNegativeEditProfile(java.lang.String,java.lang.String,java.lang.String,java.lang.String) throws java.lang.InterruptedException]]>
              </value>
            </param>
          </params>
          <reporter-output>
          </reporter-output>
        </test-method> <!-- setup -->
        <test-method signature="testNegativeEditProfile(java.lang.String,java.lang.String,java.lang.String,java.lang.String)[pri:0, instance:com.automation.tests.EditProfileTest@5f058f00]" started-at="2025-12-30T16:51:43 IST" name="testNegativeEditProfile" data-provider="negativeEditProfileData" finished-at="2025-12-30T16:52:55 IST" duration-ms="72312" status="PASS">
          <params>
            <param index="0">
              <value>
                <![CDATA[Empty Name Field]]>
              </value>
            </param>
            <param index="1">
              <value>
                <![CDATA[]]>
              </value>
            </param>
            <param index="2">
              <value>
                <![CDATA[test@example.com]]>
              </value>
            </param>
            <param index="3">
              <value>
                <![CDATA[123456789]]>
              </value>
            </param>
          </params>
          <reporter-output>
          </reporter-output>
        </test-method> <!-- testNegativeEditProfile -->
        <test-method is-config="true" signature="tearDown(org.testng.ITestResult)[pri:0, instance:com.automation.tests.EditProfileTest@5f058f00]" started-at="2025-12-30T16:52:55 IST" name="tearDown" finished-at="2025-12-30T16:52:58 IST" duration-ms="3072" status="PASS">
          <params>
            <param index="0">
              <value>
                <![CDATA[[TestResult name=testNegativeEditProfile status=SUCCESS method=EditProfileTest.testNegativeEditProfile(java.lang.String,java.lang.String,java.lang.String,java.lang.String)[pri:0, instance:com.automation.tests.EditProfileTest@5f058f00] output={null}]]]>
              </value>
            </param>
          </params>
          <reporter-output>
          </reporter-output>
        </test-method> <!-- tearDown -->
        <test-method is-config="true" signature="setup(java.lang.reflect.Method)[pri:0, instance:com.automation.tests.EditProfileTest@5f058f00]" started-at="2025-12-30T16:52:58 IST" name="setup" finished-at="2025-12-30T16:53:03 IST" duration-ms="4630" status="PASS">
          <params>
            <param index="0">
              <value>
                <![CDATA[public void com.automation.tests.EditProfileTest.testNegativeEditProfile(java.lang.String,java.lang.String,java.lang.String,java.lang.String) throws java.lang.InterruptedException]]>
              </value>
            </param>
          </params>
          <reporter-output>
          </reporter-output>
        </test-method> <!-- setup -->
        <test-method signature="testNegativeEditProfile(java.lang.String,java.lang.String,java.lang.String,java.lang.String)[pri:0, instance:com.automation.tests.EditProfileTest@5f058f00]" started-at="2025-12-30T16:53:03 IST" name="testNegativeEditProfile" data-provider="negativeEditProfileData" finished-at="2025-12-30T16:54:15 IST" duration-ms="72323" status="PASS">
          <params>
            <param index="0">
              <value>
                <![CDATA[Empty Email Field]]>
              </value>
            </param>
            <param index="1">
              <value>
                <![CDATA[John Doe]]>
              </value>
            </param>
            <param index="2">
              <value>
                <![CDATA[]]>
              </value>
            </param>
            <param index="3">
              <value>
                <![CDATA[123456789]]>
              </value>
            </param>
          </params>
          <reporter-output>
          </reporter-output>
        </test-method> <!-- testNegativeEditProfile -->
        <test-method is-config="true" signature="tearDown(org.testng.ITestResult)[pri:0, instance:com.automation.tests.EditProfileTest@5f058f00]" started-at="2025-12-30T16:54:15 IST" name="tearDown" finished-at="2025-12-30T16:54:18 IST" duration-ms="3099" status="PASS">
          <params>
            <param index="0">
              <value>
                <![CDATA[[TestResult name=testNegativeEditProfile status=SUCCESS method=EditProfileTest.testNegativeEditProfile(java.lang.String,java.lang.String,java.lang.String,java.lang.String)[pri:0, instance:com.automation.tests.EditProfileTest@5f058f00] output={null}]]]>
              </value>
            </param>
          </params>
          <reporter-output>
          </reporter-output>
        </test-method> <!-- tearDown -->
        <test-method is-config="true" signature="setup(java.lang.reflect.Method)[pri:0, instance:com.automation.tests.EditProfileTest@5f058f00]" started-at="2025-12-30T16:54:18 IST" name="setup" finished-at="2025-12-30T16:54:23 IST" duration-ms="4582" status="PASS">
          <params>
            <param index="0">
              <value>
                <![CDATA[public void com.automation.tests.EditProfileTest.testNegativeEditProfile(java.lang.String,java.lang.String,java.lang.String,java.lang.String) throws java.lang.InterruptedException]]>
              </value>
            </param>
          </params>
          <reporter-output>
          </reporter-output>
        </test-method> <!-- setup -->
        <test-method signature="testNegativeEditProfile(java.lang.String,java.lang.String,java.lang.String,java.lang.String)[pri:0, instance:com.automation.tests.EditProfileTest@5f058f00]" started-at="2025-12-30T16:54:23 IST" name="testNegativeEditProfile" data-provider="negativeEditProfileData" finished-at="2025-12-30T16:55:25 IST" duration-ms="62707" status="PASS">
          <params>
            <param index="0">
              <value>
                <![CDATA[Empty Phone Number]]>
              </value>
            </param>
            <param index="1">
              <value>
                <![CDATA[John Doe]]>
              </value>
            </param>
            <param index="2">
              <value>
                <![CDATA[test@example.com]]>
              </value>
            </param>
            <param index="3">
              <value>
                <![CDATA[]]>
              </value>
            </param>
          </params>
          <reporter-output>
          </reporter-output>
        </test-method> <!-- testNegativeEditProfile -->
        <test-method is-config="true" signature="tearDown(org.testng.ITestResult)[pri:0, instance:com.automation.tests.EditProfileTest@5f058f00]" started-at="2025-12-30T16:55:25 IST" name="tearDown" finished-at="2025-12-30T16:55:28 IST" duration-ms="3053" status="PASS">
          <params>
            <param index="0">
              <value>
                <![CDATA[[TestResult name=testNegativeEditProfile status=SUCCESS method=EditProfileTest.testNegativeEditProfile(java.lang.String,java.lang.String,java.lang.String,java.lang.String)[pri:0, instance:com.automation.tests.EditProfileTest@5f058f00] output={null}]]]>
              </value>
            </param>
          </params>
          <reporter-output>
          </reporter-output>
        </test-method> <!-- tearDown -->
        <test-method is-config="true" signature="tearDownReport()[pri:0, instance:com.automation.tests.EditProfileTest@5f058f00]" started-at="2025-12-30T16:55:29 IST" name="tearDownReport" finished-at="2025-12-30T16:55:29 IST" duration-ms="366" status="PASS">
          <reporter-output>
          </reporter-output>
        </test-method> <!-- tearDownReport -->
      </class> <!-- com.automation.tests.EditProfileTest -->
    </test> <!-- Surefire test -->
  </suite> <!-- Surefire suite -->
</testng-results>
