<?xml version="1.0" encoding="UTF-8"?>
<testng-results ignored="0" total="1" passed="1" failed="0" skipped="0">
  <reporter-output>
  </reporter-output>
  <suite started-at="2025-12-30T13:48:46 IST" name="Surefire suite" finished-at="2025-12-30T13:51:50 IST" duration-ms="183703">
    <groups>
    </groups>
    <test started-at="2025-12-30T13:48:46 IST" name="Surefire test" finished-at="2025-12-30T13:51:50 IST" duration-ms="183703">
      <class name="com.automation.tests.ForgotPasswordTest">
        <test-method is-config="true" signature="setupReport()[pri:0, instance:com.automation.tests.ForgotPasswordTest@130161f7]" started-at="2025-12-30T13:48:46 IST" name="setupReport" finished-at="2025-12-30T13:48:46 IST" duration-ms="190" status="PASS">
          <reporter-output>
          </reporter-output>
        </test-method> <!-- setupReport -->
        <test-method is-config="true" signature="setup(java.lang.reflect.Method)[pri:0, instance:com.automation.tests.ForgotPasswordTest@130161f7]" started-at="2025-12-30T13:48:46 IST" name="setup" finished-at="2025-12-30T13:48:51 IST" duration-ms="5405" status="PASS">
          <params>
            <param index="0">
              <value>
                <![CDATA[public void com.automation.tests.ForgotPasswordTest.testForgotPasswordFlow() throws java.lang.InterruptedException]]>
              </value>
            </param>
          </params>
          <reporter-output>
          </reporter-output>
        </test-method> <!-- setup -->
        <test-method is-config="true" signature="navigateToSignInPageBeforeTest()[pri:0, instance:com.automation.tests.ForgotPasswordTest@130161f7]" started-at="2025-12-30T13:48:51 IST" name="navigateToSignInPageBeforeTest" finished-at="2025-12-30T13:48:55 IST" duration-ms="3384" status="PASS">
          <reporter-output>
          </reporter-output>
        </test-method> <!-- navigateToSignInPageBeforeTest -->
        <test-method signature="testForgotPasswordFlow()[pri:1, instance:com.automation.tests.ForgotPasswordTest@130161f7]" started-at="2025-12-30T13:48:55 IST" name="testForgotPasswordFlow" finished-at="2025-12-30T13:51:47 IST" duration-ms="171684" status="PASS">
          <reporter-output>
          </reporter-output>
        </test-method> <!-- testForgotPasswordFlow -->
        <test-method is-config="true" signature="tearDown(org.testng.ITestResult)[pri:0, instance:com.automation.tests.ForgotPasswordTest@130161f7]" started-at="2025-12-30T13:51:47 IST" name="tearDown" finished-at="2025-12-30T13:51:50 IST" duration-ms="3198" status="PASS">
          <params>
            <param index="0">
              <value>
                <![CDATA[[TestResult name=testForgotPasswordFlow status=SUCCESS method=ForgotPasswordTest.testForgotPasswordFlow()[pri:1, instance:com.automation.tests.ForgotPasswordTest@130161f7] output={null}]]]>
              </value>
            </param>
          </params>
          <reporter-output>
          </reporter-output>
        </test-method> <!-- tearDown -->
        <test-method is-config="true" signature="tearDownReport()[pri:0, instance:com.automation.tests.ForgotPasswordTest@130161f7]" started-at="2025-12-30T13:51:50 IST" name="tearDownReport" finished-at="2025-12-30T13:51:50 IST" duration-ms="197" status="PASS">
          <reporter-output>
          </reporter-output>
        </test-method> <!-- tearDownReport -->
      </class> <!-- com.automation.tests.ForgotPasswordTest -->
    </test> <!-- Surefire test -->
  </suite> <!-- Surefire suite -->
</testng-results>
