<?xml version="1.0" encoding="UTF-8"?>
<!-- Generated by org.testng.reporters.JUnitXMLReporter -->
<testsuite ignored="0" hostname="KATHIR" failures="1" tests="1" name="Surefire test" time="146.805" errors="0" timestamp="2025-12-30T02:08:25 IST">
  <testcase classname="com.automation.tests.AbChopraHouseTest" name="testAbChopraHouse_Case1" time="131.574">
    <failure type="java.lang.AssertionError" message="Search result &amp;apos;One&amp;apos; should be displayed expected [true] but found [false]">
      <![CDATA[java.lang.AssertionError: Search result 'One' should be displayed expected [true] but found [false]
at com.automation.tests.AbChopraHouseTest.testAbChopraHouse_Case1(AbChopraHouseTest.java:204)
at java.base/java.util.ArrayList.forEach(ArrayList.java:1541)
... Removed 35 stack frames]]>
    </failure>
  </testcase> <!-- testAbChopraHouse_Case1 -->
</testsuite> <!-- Surefire test -->
