<?xml version="1.0" encoding="UTF-8"?>
<!-- Generated by org.testng.reporters.JUnitXMLReporter -->
<testsuite ignored="0" hostname="KATHIR" failures="0" tests="4" name="Surefire test" time="174.514" errors="0" timestamp="2025-12-24T20:02:24 IST">
  <testcase classname="com.automation.tests.DataBankTest" name="testDataBank_Case1" time="11.426"/>
  <testcase classname="com.automation.tests.DataBankTest" name="testDataBank_Case2" time="74.716"/>
  <testcase classname="com.automation.tests.DataBankTest" name="testDataBank_Case3" time="28.916"/>
  <testcase classname="com.automation.tests.DataBankTest" name="testDataBank_Case4" time="27.804"/>
</testsuite> <!-- Surefire test -->
