<?xml version="1.0" encoding="UTF-8"?>
<!-- Generated by org.testng.reporters.JUnitXMLReporter -->
<testsuite ignored="0" hostname="KATHIR" failures="0" tests="4" name="Surefire test" time="189.456" errors="0" timestamp="2025-12-28T23:41:04 IST">
  <testcase classname="com.automation.tests.DataBankTest" name="testDataBank_Case1" time="11.865"/>
  <testcase classname="com.automation.tests.DataBankTest" name="testDataBank_Case2" time="85.47"/>
  <testcase classname="com.automation.tests.DataBankTest" name="testDataBank_Case3" time="33.026"/>
  <testcase classname="com.automation.tests.DataBankTest" name="testDataBank_Case4" time="27.124"/>
</testsuite> <!-- Surefire test -->
