<?xml version="1.0" encoding="UTF-8"?>
<!-- Generated by org.testng.reporters.JUnitXMLReporter -->
<testsuite ignored="0" hostname="KATHIR" failures="0" tests="8" name="Surefire test" time="513.841" errors="0" timestamp="2025-12-30T16:12:20 IST">
  <testcase classname="com.automation.tests.SignInTest" name="testNegativeSignIn" time="18.564"/>
  <testcase classname="com.automation.tests.SignInTest" name="testNegativeSignIn" time="17.971"/>
  <testcase classname="com.automation.tests.SignInTest" name="testNegativeSignIn" time="17.825"/>
  <testcase classname="com.automation.tests.SignInTest" name="testNegativeSignIn" time="109.057"/>
  <testcase classname="com.automation.tests.SignInTest" name="testNegativeSignIn" time="108.792"/>
  <testcase classname="com.automation.tests.SignInTest" name="testNegativeSignIn" time="107.14"/>
  <testcase classname="com.automation.tests.SignInTest" name="testNegativeSignIn" time="17.77"/>
  <testcase classname="com.automation.tests.SignInTest" name="testPositiveSignIn" time="40.551"/>
</testsuite> <!-- Surefire test -->
