<?xml version="1.0" encoding="UTF-8"?>
<!-- Generated by org.testng.reporters.JUnitXMLReporter -->
<testsuite ignored="0" hostname="KATHIR" failures="0" tests="5" name="Surefire test" time="337.795" errors="0" timestamp="2025-12-28T21:12:42 IST">
  <testcase classname="com.automation.tests.ProfileTest" name="testMyOrders_TrackOrder" time="41.589"/>
  <testcase classname="com.automation.tests.ProfileTest" name="testMyOrders_SendSample" time="41.27"/>
  <testcase classname="com.automation.tests.ProfileTest" name="testHelpSupport_AllSections" time="52.444"/>
  <testcase classname="com.automation.tests.ProfileTest" name="testLegalInformation_AllSections" time="45.428"/>
  <testcase classname="com.automation.tests.ProfileTest" name="testLogout" time="36.129"/>
</testsuite> <!-- Surefire test -->
