<?xml version="1.0" encoding="UTF-8"?>
<!-- Generated by org.testng.reporters.JUnitXMLReporter -->
<testsuite ignored="0" hostname="KATHIR" failures="2" tests="13" name="Surefire test" time="539.928" errors="0" timestamp="2025-12-18T12:45:29 IST">
  <testcase classname="com.automation.tests.SignUpTest" name="testNegativeSignUp" time="18.888"/>
  <testcase classname="com.automation.tests.SignUpTest" name="testNegativeSignUp" time="19.071"/>
  <testcase classname="com.automation.tests.SignUpTest" name="testNegativeSignUp" time="18.889"/>
  <testcase classname="com.automation.tests.SignUpTest" name="testNegativeSignUp" time="73.752"/>
  <testcase classname="com.automation.tests.SignUpTest" name="testNegativeSignUp" time="18.268"/>
  <testcase classname="com.automation.tests.SignUpTest" name="testNegativeSignUp" time="19.385"/>
  <testcase classname="com.automation.tests.SignUpTest" name="testNegativeSignUp" time="74.449"/>
  <testcase classname="com.automation.tests.SignUpTest" name="testNegativeSignUp" time="16.17"/>
  <testcase classname="com.automation.tests.SignUpTest" name="testNegativeSignUp" time="48.983">
    <failure type="java.lang.AssertionError" message="Expected validation to appear for negative test case, but NONE was detected">
      <![CDATA[java.lang.AssertionError: Expected validation to appear for negative test case, but NONE was detected
at com.automation.tests.SignUpTest.testNegativeSignUp(SignUpTest.java:107)
at java.base/java.util.ArrayList.forEach(ArrayList.java:1541)
... Removed 33 stack frames]]>
    </failure>
  </testcase> <!-- testNegativeSignUp -->
  <testcase classname="com.automation.tests.SignUpTest" name="testNegativeSignUp" time="12.869">
    <failure type="java.lang.RuntimeException" message="Element not found with ID: null, XPath: //android.widget.Button[@content-desc=&amp;quot;Don&amp;apos;t have an account? Sign up&amp;quot;], AccessID: null">
      <![CDATA[java.lang.RuntimeException: Element not found with ID: null, XPath: //android.widget.Button[@content-desc="Don't have an account? Sign up"], AccessID: null
at com.automation.pages.SignInPage.findElementWithFallback(SignInPage.java:40)
at com.automation.pages.SignInPage.clickSignUp(SignInPage.java:74)
at com.automation.tests.SignUpTest.testNegativeSignUp(SignUpTest.java:58)
at java.base/java.util.ArrayList.forEach(ArrayList.java:1541)
... Removed 32 stack frames]]>
    </failure>
  </testcase> <!-- testNegativeSignUp -->
  <testcase classname="com.automation.tests.SignUpTest" name="testNegativeSignUp" time="73.957"/>
  <testcase classname="com.automation.tests.SignUpTest" name="testNegativeSignUp" time="18.388"/>
  <testcase classname="com.automation.tests.SignUpTest" name="testPositiveSignUp" time="49.26"/>
</testsuite> <!-- Surefire test -->
