<?xml version="1.0" encoding="UTF-8"?>
<!-- Generated by org.testng.reporters.JUnitXMLReporter -->
<testsuite ignored="0" hostname="KATHIR" failures="0" tests="5" name="Surefire test" time="304.238" errors="0" timestamp="2025-12-26T22:42:03 IST">
  <testcase classname="com.automation.tests.ProfileTest" name="testMyOrders_TrackOrder" time="41.133"/>
  <testcase classname="com.automation.tests.ProfileTest" name="testMyOrders_SendSample" time="51.135"/>
  <testcase classname="com.automation.tests.ProfileTest" name="testHelpSupport_AllSections" time="53.347"/>
  <testcase classname="com.automation.tests.ProfileTest" name="testLegalInformation_AllSections" time="44.227"/>
  <testcase classname="com.automation.tests.ProfileTest" name="testLogout" time="36.942"/>
</testsuite> <!-- Surefire test -->
