<?xml version="1.0" encoding="UTF-8"?>
<!-- Generated by org.testng.reporters.JUnitXMLReporter -->
<testsuite ignored="0" hostname="KATHIR" failures="1" tests="13" name="Surefire test" time="576.387" errors="0" timestamp="2025-12-18T18:25:37 IST">
  <testcase classname="com.automation.tests.SignUpTest" name="testNegativeSignUp" time="19.843"/>
  <testcase classname="com.automation.tests.SignUpTest" name="testNegativeSignUp" time="19.311"/>
  <testcase classname="com.automation.tests.SignUpTest" name="testNegativeSignUp" time="19.134"/>
  <testcase classname="com.automation.tests.SignUpTest" name="testNegativeSignUp" time="73.597"/>
  <testcase classname="com.automation.tests.SignUpTest" name="testNegativeSignUp" time="19.12"/>
  <testcase classname="com.automation.tests.SignUpTest" name="testNegativeSignUp" time="19.152"/>
  <testcase classname="com.automation.tests.SignUpTest" name="testNegativeSignUp" time="74.563"/>
  <testcase classname="com.automation.tests.SignUpTest" name="testNegativeSignUp" time="16.632"/>
  <testcase classname="com.automation.tests.SignUpTest" name="testNegativeSignUp" time="49.567">
    <failure type="java.lang.AssertionError" message="Expected validation to appear for negative test case, but NONE was detected">
      <![CDATA[java.lang.AssertionError: Expected validation to appear for negative test case, but NONE was detected
at com.automation.tests.SignUpTest.testNegativeSignUp(SignUpTest.java:107)
at java.base/java.util.ArrayList.forEach(ArrayList.java:1541)
... Removed 33 stack frames]]>
    </failure>
  </testcase> <!-- testNegativeSignUp -->
  <testcase classname="com.automation.tests.SignUpTest" name="testNegativeSignUp" time="19.171"/>
  <testcase classname="com.automation.tests.SignUpTest" name="testNegativeSignUp" time="74.349"/>
  <testcase classname="com.automation.tests.SignUpTest" name="testNegativeSignUp" time="19.391"/>
  <testcase classname="com.automation.tests.SignUpTest" name="testPositiveSignUp" time="49.779"/>
</testsuite> <!-- Surefire test -->
