<?xml version="1.0" encoding="UTF-8"?>
<!-- Generated by org.testng.reporters.JUnitXMLReporter -->
<testsuite ignored="3" hostname="KATHIR" failures="0" tests="1" name="Surefire test" time="77.835" errors="0" timestamp="2025-12-24T13:38:48 IST">
  <testcase classname="com.automation.tests.DataBankTest" name="testDataBank_Case2" time="69.484"/>
  <testcase classname="com.automation.tests.DataBankTest" name="testDataBank_Case4" time="0.0">
    <ignored/>
  </testcase> <!-- testDataBank_Case4 -->
  <testcase classname="com.automation.tests.DataBankTest" name="testDataBank_Case3" time="0.0">
    <ignored/>
  </testcase> <!-- testDataBank_Case3 -->
  <testcase classname="com.automation.tests.DataBankTest" name="testDataBank_Case1" time="0.0">
    <ignored/>
  </testcase> <!-- testDataBank_Case1 -->
</testsuite> <!-- Surefire test -->
