<?xml version="1.0" encoding="UTF-8"?>
<!-- Generated by org.testng.reporters.JUnitXMLReporter -->
<testsuite ignored="0" hostname="KATHIR" failures="0" tests="9" name="Surefire test" time="726.991" errors="0" timestamp="2025-12-18T18:03:10 IST">
  <testcase classname="com.automation.tests.EditProfileTest" name="testEditProfileWithDateGenderCountry" time="97.956"/>
  <testcase classname="com.automation.tests.EditProfileTest" name="testNegativeEditProfile" time="71.081"/>
  <testcase classname="com.automation.tests.EditProfileTest" name="testNegativeEditProfile" time="70.364"/>
  <testcase classname="com.automation.tests.EditProfileTest" name="testNegativeEditProfile" time="71.133"/>
  <testcase classname="com.automation.tests.EditProfileTest" name="testNegativeEditProfile" time="69.733"/>
  <testcase classname="com.automation.tests.EditProfileTest" name="testNegativeEditProfile" time="70.29"/>
  <testcase classname="com.automation.tests.EditProfileTest" name="testNegativeEditProfile" time="71.009"/>
  <testcase classname="com.automation.tests.EditProfileTest" name="testNegativeEditProfile" time="69.461"/>
  <testcase classname="com.automation.tests.EditProfileTest" name="testNegativeEditProfile" time="61.229"/>
</testsuite> <!-- Surefire test -->
