<?xml version="1.0" encoding="UTF-8"?>
<!-- Generated by org.testng.reporters.JUnitXMLReporter -->
<testsuite ignored="0" hostname="KATHIR" failures="0" tests="4" name="Surefire test" time="178.146" errors="0" timestamp="2025-12-26T11:26:15 IST">
  <testcase classname="com.automation.tests.DataBankTest" name="testDataBank_Case1" time="11.572"/>
  <testcase classname="com.automation.tests.DataBankTest" name="testDataBank_Case2" time="76.362"/>
  <testcase classname="com.automation.tests.DataBankTest" name="testDataBank_Case3" time="32.827"/>
  <testcase classname="com.automation.tests.DataBankTest" name="testDataBank_Case4" time="26.691"/>
</testsuite> <!-- Surefire test -->
