<?xml version="1.0" encoding="UTF-8"?>
<!-- Generated by org.testng.reporters.JUnitXMLReporter -->
<testsuite ignored="0" hostname="KATHIR" failures="0" tests="9" name="Surefire test" time="732.815" errors="0" timestamp="2025-12-30T16:55:29 IST">
  <testcase classname="com.automation.tests.EditProfileTest" name="testEditProfileWithDateGenderCountry" time="96.085"/>
  <testcase classname="com.automation.tests.EditProfileTest" name="testNegativeEditProfile" time="72.486"/>
  <testcase classname="com.automation.tests.EditProfileTest" name="testNegativeEditProfile" time="71.984"/>
  <testcase classname="com.automation.tests.EditProfileTest" name="testNegativeEditProfile" time="70.283"/>
  <testcase classname="com.automation.tests.EditProfileTest" name="testNegativeEditProfile" time="70.824"/>
  <testcase classname="com.automation.tests.EditProfileTest" name="testNegativeEditProfile" time="72.67"/>
  <testcase classname="com.automation.tests.EditProfileTest" name="testNegativeEditProfile" time="72.312"/>
  <testcase classname="com.automation.tests.EditProfileTest" name="testNegativeEditProfile" time="72.323"/>
  <testcase classname="com.automation.tests.EditProfileTest" name="testNegativeEditProfile" time="62.707"/>
</testsuite> <!-- Surefire test -->
