<?xml version="1.0" encoding="UTF-8"?>
<!-- Generated by org.testng.reporters.JUnitXMLReporter -->
<testsuite ignored="0" hostname="KATHIR" failures="0" tests="9" name="Surefire test" time="725.297" errors="0" timestamp="2025-12-26T14:13:44 IST">
  <testcase classname="com.automation.tests.EditProfileTest" name="testEditProfileWithDateGenderCountry" time="98.05"/>
  <testcase classname="com.automation.tests.EditProfileTest" name="testNegativeEditProfile" time="71.103"/>
  <testcase classname="com.automation.tests.EditProfileTest" name="testNegativeEditProfile" time="70.912"/>
  <testcase classname="com.automation.tests.EditProfileTest" name="testNegativeEditProfile" time="71.556"/>
  <testcase classname="com.automation.tests.EditProfileTest" name="testNegativeEditProfile" time="69.612"/>
  <testcase classname="com.automation.tests.EditProfileTest" name="testNegativeEditProfile" time="69.698"/>
  <testcase classname="com.automation.tests.EditProfileTest" name="testNegativeEditProfile" time="72.152"/>
  <testcase classname="com.automation.tests.EditProfileTest" name="testNegativeEditProfile" time="70.454"/>
  <testcase classname="com.automation.tests.EditProfileTest" name="testNegativeEditProfile" time="62.053"/>
</testsuite> <!-- Surefire test -->
