<?xml version="1.0" encoding="UTF-8"?>
<!-- Generated by org.testng.reporters.JUnitXMLReporter -->
<testsuite ignored="0" hostname="KATHIR" failures="1" tests="1" name="Surefire test" time="183.575" errors="0" timestamp="2025-12-30T23:59:59 IST">
  <testcase classname="com.automation.tests.AbChopraHouseTest" name="testAbChopraHouse_Case1" time="171.385">
    <failure type="java.lang.AssertionError" message="SAVED dialog should be displayed expected [true] but found [false]">
      <![CDATA[java.lang.AssertionError: SAVED dialog should be displayed expected [true] but found [false]
at com.automation.tests.AbChopraHouseTest.testAbChopraHouse_Case1(AbChopraHouseTest.java:251)
at java.base/java.util.ArrayList.forEach(ArrayList.java:1541)
... Removed 35 stack frames]]>
    </failure>
  </testcase> <!-- testAbChopraHouse_Case1 -->
</testsuite> <!-- Surefire test -->
