<?xml version="1.0" encoding="UTF-8"?>
<!-- Generated by org.testng.reporters.JUnitXMLReporter -->
<testsuite ignored="3" hostname="KATHIR" failures="1" tests="1" name="Surefire test" time="41.822" errors="0" timestamp="2025-12-24T18:14:47 IST">
  <testcase classname="com.automation.tests.DataBankTest" name="testDataBank_Case4" time="28.322">
    <failure type="java.lang.RuntimeException" message="Failed to click UPLOAD REPORT or verify UPLOAD DATA page in Step 6">
      <![CDATA[java.lang.RuntimeException: Failed to click UPLOAD REPORT or verify UPLOAD DATA page in Step 6
at com.automation.pages.DataBankPage.clickUploadReportAndVerifyUploadDataPage(DataBankPage.java:796)
at com.automation.tests.DataBankTest.testDataBank_Case4(DataBankTest.java:466)
at java.base/java.util.ArrayList.forEach(ArrayList.java:1541)
Caused by: org.openqa.selenium.TimeoutException: Expected condition failed: waiting for element to be clickable: By.xpath: //android.widget.Button[@content-desc="UPLOAD REPORT"] (tried for 10 second(s) with 500 milliseconds interval)
Build info: version: '4.13.0', revision: 'ba948ece5b*'
System info: os.name: 'Linux', os.arch: 'amd64', os.version: '6.14.0-37-generic', java.version: '11.0.29'
Driver info: io.appium.java_client.android.AndroidDriver
Capabilities {appium:appActivity: .MainActivity, appium:appPackage: com.houseofepigenetics.abch..., appium:automationName: UiAutomator2, appium:databaseEnabled: false, appium:desired: {appActivity: .MainActivity, appPackage: com.houseofepigenetics.abch..., automationName: UiAutomator2, deviceName: 1dc3d76f, noReset: true, platformName: ANDROID}, appium:deviceApiLevel: 35, appium:deviceManufacturer: Xiaomi, appium:deviceModel: 24116RNC1I, appium:deviceName: 1dc3d76f, appium:deviceScreenDensity: 320, appium:deviceScreenSize: 720x1640, appium:deviceUDID: 1dc3d76f, appium:javascriptEnabled: true, appium:locationContextEnabled: false, appium:networkConnectionEnabled: true, appium:noReset: true, appium:pixelRatio: 2, appium:platformVersion: 15, appium:statBarHeight: 68, appium:takesScreenshot: true, appium:viewportRect: {height: 1572, left: 0, top: 68, width: 720}, appium:warnings: {}, appium:webStorageEnabled: false, platformName: ANDROID}
Session ID: 0b12e134-ee46-4759-b5be-a819e9c529ce
at org.openqa.selenium.support.ui.WebDriverWait.timeoutException(WebDriverWait.java:84)
at org.openqa.selenium.support.ui.FluentWait.until(FluentWait.java:230)
at com.automation.pages.DataBankPage.clickUploadReportAndVerifyUploadDataPage(DataBankPage.java:781)
... 34 more
... Removed 32 stack frames]]>
    </failure>
  </testcase> <!-- testDataBank_Case4 -->
  <testcase classname="com.automation.tests.DataBankTest" name="testDataBank_Case2" time="0.0">
    <ignored/>
  </testcase> <!-- testDataBank_Case2 -->
  <testcase classname="com.automation.tests.DataBankTest" name="testDataBank_Case1" time="0.0">
    <ignored/>
  </testcase> <!-- testDataBank_Case1 -->
  <testcase classname="com.automation.tests.DataBankTest" name="testDataBank_Case3" time="0.0">
    <ignored/>
  </testcase> <!-- testDataBank_Case3 -->
</testsuite> <!-- Surefire test -->
