<?xml version="1.0" encoding="UTF-8"?>
<!-- Generated by org.testng.reporters.JUnitXMLReporter -->
<testsuite ignored="0" hostname="KATHIR" failures="5" tests="13" name="Surefire test" time="528.443" errors="0" timestamp="2025-12-26T10:39:07 IST">
  <testcase classname="com.automation.tests.SignUpTest" name="testNegativeSignUp" time="32.19"/>
  <testcase classname="com.automation.tests.SignUpTest" name="testNegativeSignUp" time="13.016">
    <failure type="java.lang.RuntimeException" message="Element not found with ID: null, XPath: //android.widget.Button[@content-desc=&amp;quot;Don&amp;apos;t have an account? Sign up&amp;quot;], AccessID: null">
      <![CDATA[java.lang.RuntimeException: Element not found with ID: null, XPath: //android.widget.Button[@content-desc="Don't have an account? Sign up"], AccessID: null
at com.automation.pages.SignInPage.findElementWithFallback(SignInPage.java:40)
at com.automation.pages.SignInPage.clickSignUp(SignInPage.java:74)
at com.automation.tests.SignUpTest.testNegativeSignUp(SignUpTest.java:58)
at java.base/java.util.ArrayList.forEach(ArrayList.java:1541)
... Removed 32 stack frames]]>
    </failure>
  </testcase> <!-- testNegativeSignUp -->
  <testcase classname="com.automation.tests.SignUpTest" name="testNegativeSignUp" time="31.304"/>
  <testcase classname="com.automation.tests.SignUpTest" name="testNegativeSignUp" time="86.34"/>
  <testcase classname="com.automation.tests.SignUpTest" name="testNegativeSignUp" time="31.53"/>
  <testcase classname="com.automation.tests.SignUpTest" name="testNegativeSignUp" time="12.873">
    <failure type="java.lang.RuntimeException" message="Element not found with ID: null, XPath: //android.widget.Button[@content-desc=&amp;quot;Don&amp;apos;t have an account? Sign up&amp;quot;], AccessID: null">
      <![CDATA[java.lang.RuntimeException: Element not found with ID: null, XPath: //android.widget.Button[@content-desc="Don't have an account? Sign up"], AccessID: null
at com.automation.pages.SignInPage.findElementWithFallback(SignInPage.java:40)
at com.automation.pages.SignInPage.clickSignUp(SignInPage.java:74)
at com.automation.tests.SignUpTest.testNegativeSignUp(SignUpTest.java:58)
at java.base/java.util.ArrayList.forEach(ArrayList.java:1541)
... Removed 32 stack frames]]>
    </failure>
  </testcase> <!-- testNegativeSignUp -->
  <testcase classname="com.automation.tests.SignUpTest" name="testNegativeSignUp" time="87.607"/>
  <testcase classname="com.automation.tests.SignUpTest" name="testNegativeSignUp" time="31.05"/>
  <testcase classname="com.automation.tests.SignUpTest" name="testNegativeSignUp" time="12.889">
    <failure type="java.lang.RuntimeException" message="Element not found with ID: null, XPath: //android.widget.Button[@content-desc=&amp;quot;Don&amp;apos;t have an account? Sign up&amp;quot;], AccessID: null">
      <![CDATA[java.lang.RuntimeException: Element not found with ID: null, XPath: //android.widget.Button[@content-desc="Don't have an account? Sign up"], AccessID: null
at com.automation.pages.SignInPage.findElementWithFallback(SignInPage.java:40)
at com.automation.pages.SignInPage.clickSignUp(SignInPage.java:74)
at com.automation.tests.SignUpTest.testNegativeSignUp(SignUpTest.java:58)
at java.base/java.util.ArrayList.forEach(ArrayList.java:1541)
... Removed 32 stack frames]]>
    </failure>
  </testcase> <!-- testNegativeSignUp -->
  <testcase classname="com.automation.tests.SignUpTest" name="testNegativeSignUp" time="31.259"/>
  <testcase classname="com.automation.tests.SignUpTest" name="testNegativeSignUp" time="13.001">
    <failure type="java.lang.RuntimeException" message="Element not found with ID: null, XPath: //android.widget.Button[@content-desc=&amp;quot;Don&amp;apos;t have an account? Sign up&amp;quot;], AccessID: null">
      <![CDATA[java.lang.RuntimeException: Element not found with ID: null, XPath: //android.widget.Button[@content-desc="Don't have an account? Sign up"], AccessID: null
at com.automation.pages.SignInPage.findElementWithFallback(SignInPage.java:40)
at com.automation.pages.SignInPage.clickSignUp(SignInPage.java:74)
at com.automation.tests.SignUpTest.testNegativeSignUp(SignUpTest.java:58)
at java.base/java.util.ArrayList.forEach(ArrayList.java:1541)
... Removed 32 stack frames]]>
    </failure>
  </testcase> <!-- testNegativeSignUp -->
  <testcase classname="com.automation.tests.SignUpTest" name="testNegativeSignUp" time="31.399"/>
  <testcase classname="com.automation.tests.SignUpTest" name="testPositiveSignUp" time="12.911">
    <failure type="java.lang.RuntimeException" message="Element not found with ID: null, XPath: //android.widget.Button[@content-desc=&amp;quot;Don&amp;apos;t have an account? Sign up&amp;quot;], AccessID: null">
      <![CDATA[java.lang.RuntimeException: Element not found with ID: null, XPath: //android.widget.Button[@content-desc="Don't have an account? Sign up"], AccessID: null
at com.automation.pages.SignInPage.findElementWithFallback(SignInPage.java:40)
at com.automation.pages.SignInPage.clickSignUp(SignInPage.java:74)
at com.automation.tests.SignUpTest.testPositiveSignUp(SignUpTest.java:130)
at java.base/java.util.ArrayList.forEach(ArrayList.java:1541)
... Removed 32 stack frames]]>
    </failure>
  </testcase> <!-- testPositiveSignUp -->
</testsuite> <!-- Surefire test -->
