<?xml version="1.0" encoding="UTF-8"?>
<!-- Generated by org.testng.reporters.JUnitXMLReporter -->
<testsuite ignored="0" hostname="KATHIR" failures="6" tests="7" name="SignIn Tests" time="210.814" errors="0" timestamp="2025-12-17T23:31:01 IST">
  <testcase classname="com.automation.tests.SignInTest" name="testSignIn" time="7.898"/>
  <testcase classname="com.automation.tests.SignInTest" name="testSignIn" time="15.358">
    <failure type="java.lang.AssertionError" message="null">
      <![CDATA[java.lang.AssertionError: null
at com.automation.tests.SignInTest.testSignIn(SignInTest.java:92)
at java.base/java.util.ArrayList.forEach(ArrayList.java:1541)
... Removed 33 stack frames]]>
    </failure>
  </testcase> <!-- testSignIn -->
  <testcase classname="com.automation.tests.SignInTest" name="testSignIn" time="38.981">
    <failure type="java.lang.AssertionError" message="null">
      <![CDATA[java.lang.AssertionError: null
at com.automation.tests.SignInTest.testSignIn(SignInTest.java:92)
at java.base/java.util.ArrayList.forEach(ArrayList.java:1541)
... Removed 33 stack frames]]>
    </failure>
  </testcase> <!-- testSignIn -->
  <testcase classname="com.automation.tests.SignInTest" name="testSignIn" time="39.001">
    <failure type="java.lang.AssertionError" message="null">
      <![CDATA[java.lang.AssertionError: null
at com.automation.tests.SignInTest.testSignIn(SignInTest.java:92)
at java.base/java.util.ArrayList.forEach(ArrayList.java:1541)
... Removed 33 stack frames]]>
    </failure>
  </testcase> <!-- testSignIn -->
  <testcase classname="com.automation.tests.SignInTest" name="testSignIn" time="13.143">
    <failure type="java.lang.RuntimeException" message="Element not found with ID: null, XPath: //android.widget.EditText[@hint=&amp;apos;Email&amp;apos;], AccessID: null">
      <![CDATA[java.lang.RuntimeException: Element not found with ID: null, XPath: //android.widget.EditText[@hint='Email'], AccessID: null
at com.automation.pages.SignInPage.findElementWithFallback(SignInPage.java:40)
at com.automation.pages.SignInPage.enterEmail(SignInPage.java:49)
at com.automation.tests.SignInTest.testSignIn(SignInTest.java:34)
at java.base/java.util.ArrayList.forEach(ArrayList.java:1541)
... Removed 31 stack frames]]>
    </failure>
  </testcase> <!-- testSignIn -->
  <testcase classname="com.automation.tests.SignInTest" name="testSignIn" time="38.374">
    <failure type="java.lang.AssertionError" message="null">
      <![CDATA[java.lang.AssertionError: null
at com.automation.tests.SignInTest.testSignIn(SignInTest.java:68)
at java.base/java.util.ArrayList.forEach(ArrayList.java:1541)
... Removed 33 stack frames]]>
    </failure>
  </testcase> <!-- testSignIn -->
  <testcase classname="com.automation.tests.SignInTest" name="testSignIn" time="12.967">
    <failure type="java.lang.RuntimeException" message="Element not found with ID: null, XPath: //android.widget.EditText[@hint=&amp;apos;Email&amp;apos;], AccessID: null">
      <![CDATA[java.lang.RuntimeException: Element not found with ID: null, XPath: //android.widget.EditText[@hint='Email'], AccessID: null
at com.automation.pages.SignInPage.findElementWithFallback(SignInPage.java:40)
at com.automation.pages.SignInPage.enterEmail(SignInPage.java:49)
at com.automation.tests.SignInTest.testSignIn(SignInTest.java:34)
at java.base/java.util.ArrayList.forEach(ArrayList.java:1541)
... Removed 31 stack frames]]>
    </failure>
  </testcase> <!-- testSignIn -->
</testsuite> <!-- SignIn Tests -->
