<?xml version="1.0" encoding="UTF-8"?>
<!-- Generated by org.testng.reporters.JUnitReportReporter -->
<testsuite hostname="KATHIR" failures="0" tests="9" name="com.automation.tests.EditProfileTest" time="726.932" errors="0" timestamp="2025-12-18T18:03:10 IST" skipped="0">
  <testcase classname="com.automation.tests.EditProfileTest" name="testNegativeEditProfile" time="79.147"/>
  <testcase classname="com.automation.tests.EditProfileTest" name="testNegativeEditProfile" time="78.173"/>
  <testcase classname="com.automation.tests.EditProfileTest" name="testNegativeEditProfile" time="69.172"/>
  <testcase classname="com.automation.tests.EditProfileTest" name="testEditProfileWithDateGenderCountry" time="105.880"/>
  <testcase classname="com.automation.tests.EditProfileTest" name="testNegativeEditProfile" time="80.266"/>
  <testcase classname="com.automation.tests.EditProfileTest" name="testNegativeEditProfile" time="79.255"/>
  <testcase classname="com.automation.tests.EditProfileTest" name="testNegativeEditProfile" time="79.035"/>
  <testcase classname="com.automation.tests.EditProfileTest" name="testNegativeEditProfile" time="77.761"/>
  <testcase classname="com.automation.tests.EditProfileTest" name="testNegativeEditProfile" time="78.243"/>
</testsuite> <!-- com.automation.tests.EditProfileTest -->
