<?xml version="1.0" encoding="UTF-8"?>
<!-- Generated by org.testng.reporters.JUnitReportReporter -->
<testsuite hostname="KATHIR" failures="0" tests="5" name="com.automation.tests.ProfileTest" time="304.170" errors="0" timestamp="2025-12-26T22:42:04 IST" skipped="0">
  <testcase classname="com.automation.tests.ProfileTest" name="testMyOrders_TrackOrder" time="55.715"/>
  <testcase classname="com.automation.tests.ProfileTest" name="testMyOrders_SendSample" time="67.429"/>
  <testcase classname="com.automation.tests.ProfileTest" name="testHelpSupport_AllSections" time="68.045"/>
  <testcase classname="com.automation.tests.ProfileTest" name="testLegalInformation_AllSections" time="59.021"/>
  <testcase classname="com.automation.tests.ProfileTest" name="testLogout" time="53.960"/>
</testsuite> <!-- com.automation.tests.ProfileTest -->
