<?xml version="1.0" encoding="UTF-8"?>
<!-- Generated by org.testng.reporters.JUnitReportReporter -->
<testsuite hostname="KATHIR" failures="0" tests="9" name="com.automation.tests.EditProfileTest" time="732.770" errors="0" timestamp="2025-12-30T16:55:29 IST" skipped="0">
  <testcase classname="com.automation.tests.EditProfileTest" name="testNegativeEditProfile" time="79.443"/>
  <testcase classname="com.automation.tests.EditProfileTest" name="testNegativeEditProfile" time="80.231"/>
  <testcase classname="com.automation.tests.EditProfileTest" name="testNegativeEditProfile" time="79.630"/>
  <testcase classname="com.automation.tests.EditProfileTest" name="testNegativeEditProfile" time="80.053"/>
  <testcase classname="com.automation.tests.EditProfileTest" name="testNegativeEditProfile" time="80.475"/>
  <testcase classname="com.automation.tests.EditProfileTest" name="testNegativeEditProfile" time="70.400"/>
  <testcase classname="com.automation.tests.EditProfileTest" name="testNegativeEditProfile" time="78.459"/>
  <testcase classname="com.automation.tests.EditProfileTest" name="testNegativeEditProfile" time="80.327"/>
  <testcase classname="com.automation.tests.EditProfileTest" name="testEditProfileWithDateGenderCountry" time="103.752"/>
</testsuite> <!-- com.automation.tests.EditProfileTest -->
