<?xml version="1.0" encoding="UTF-8"?>
<!-- Generated by org.testng.reporters.JUnitReportReporter -->
<testsuite hostname="KATHIR" failures="0" tests="12" name="com.automation.tests.SignUpTest" time="522.470" errors="0" timestamp="2025-12-30T16:39:39 IST" skipped="0">
  <testcase classname="com.automation.tests.SignUpTest" name="testNegativeSignUp" time="82.231"/>
  <testcase classname="com.automation.tests.SignUpTest" name="testNegativeSignUp" time="27.517"/>
  <testcase classname="com.automation.tests.SignUpTest" name="testNegativeSignUp" time="28.986"/>
  <testcase classname="com.automation.tests.SignUpTest" name="testNegativeSignUp" time="26.916"/>
  <testcase classname="com.automation.tests.SignUpTest" name="testNegativeSignUp" time="26.844"/>
  <testcase classname="com.automation.tests.SignUpTest" name="testNegativeSignUp" time="27.949"/>
  <testcase classname="com.automation.tests.SignUpTest" name="testPositiveSignUp" time="57.443"/>
  <testcase classname="com.automation.tests.SignUpTest" name="testNegativeSignUp" time="83.418"/>
  <testcase classname="com.automation.tests.SignUpTest" name="testNegativeSignUp" time="24.684"/>
  <testcase classname="com.automation.tests.SignUpTest" name="testNegativeSignUp" time="26.838"/>
  <testcase classname="com.automation.tests.SignUpTest" name="testNegativeSignUp" time="81.854"/>
  <testcase classname="com.automation.tests.SignUpTest" name="testNegativeSignUp" time="27.790"/>
</testsuite> <!-- com.automation.tests.SignUpTest -->
