<?xml version="1.0" encoding="UTF-8"?>
<!-- Generated by org.testng.reporters.JUnitReportReporter -->
<testsuite hostname="KATHIR" failures="0" tests="5" name="com.automation.tests.ProfileTest" time="265.235" errors="0" timestamp="2025-12-30T23:42:03 IST" skipped="0">
  <testcase classname="com.automation.tests.ProfileTest" name="testMyOrders_TrackOrder" time="50.502"/>
  <testcase classname="com.automation.tests.ProfileTest" name="testMyOrders_SendSample" time="52.386"/>
  <testcase classname="com.automation.tests.ProfileTest" name="testHelpSupport_AllSections" time="60.558"/>
  <testcase classname="com.automation.tests.ProfileTest" name="testLegalInformation_AllSections" time="54.282"/>
  <testcase classname="com.automation.tests.ProfileTest" name="testLogout" time="47.507"/>
</testsuite> <!-- com.automation.tests.ProfileTest -->
