<?xml version="1.0" encoding="UTF-8"?>
<!-- Generated by org.testng.reporters.JUnitReportReporter -->
<testsuite hostname="KATHIR" failures="0" tests="9" name="com.automation.tests.EditProfileTest" time="725.252" errors="0" timestamp="2025-12-26T14:13:45 IST" skipped="0">
  <testcase classname="com.automation.tests.EditProfileTest" name="testNegativeEditProfile" time="79.094"/>
  <testcase classname="com.automation.tests.EditProfileTest" name="testNegativeEditProfile" time="77.183"/>
  <testcase classname="com.automation.tests.EditProfileTest" name="testNegativeEditProfile" time="77.237"/>
  <testcase classname="com.automation.tests.EditProfileTest" name="testNegativeEditProfile" time="77.812"/>
  <testcase classname="com.automation.tests.EditProfileTest" name="testNegativeEditProfile" time="69.615"/>
  <testcase classname="com.automation.tests.EditProfileTest" name="testNegativeEditProfile" time="79.680"/>
  <testcase classname="com.automation.tests.EditProfileTest" name="testEditProfileWithDateGenderCountry" time="105.593"/>
  <testcase classname="com.automation.tests.EditProfileTest" name="testNegativeEditProfile" time="78.448"/>
  <testcase classname="com.automation.tests.EditProfileTest" name="testNegativeEditProfile" time="80.590"/>
</testsuite> <!-- com.automation.tests.EditProfileTest -->
