<?xml version="1.0" encoding="UTF-8"?>
<!-- Generated by org.testng.reporters.JUnitReportReporter -->
<testsuite hostname="KATHIR" failures="0" tests="8" name="com.automation.tests.SignInTest" time="513.788" errors="0" timestamp="2025-12-30T16:12:20 IST" skipped="0">
  <testcase classname="com.automation.tests.SignInTest" name="testPositiveSignIn" time="50.002"/>
  <testcase classname="com.automation.tests.SignInTest" name="testNegativeSignIn" time="27.780"/>
  <testcase classname="com.automation.tests.SignInTest" name="testNegativeSignIn" time="27.036"/>
  <testcase classname="com.automation.tests.SignInTest" name="testNegativeSignIn" time="119.076"/>
  <testcase classname="com.automation.tests.SignInTest" name="testNegativeSignIn" time="118.027"/>
  <testcase classname="com.automation.tests.SignInTest" name="testNegativeSignIn" time="26.834"/>
  <testcase classname="com.automation.tests.SignInTest" name="testNegativeSignIn" time="116.205"/>
  <testcase classname="com.automation.tests.SignInTest" name="testNegativeSignIn" time="28.828"/>
</testsuite> <!-- com.automation.tests.SignInTest -->
