<?xml version="1.0" encoding="UTF-8"?>
<!-- Generated by org.testng.reporters.JUnitReportReporter -->
<testsuite hostname="KATHIR" failures="0" tests="4" name="com.automation.tests.DataBankTest" time="179.041" errors="0" timestamp="2025-12-30T23:34:25 IST" skipped="0">
  <testcase classname="com.automation.tests.DataBankTest" name="testDataBank_Case1" time="19.115"/>
  <testcase classname="com.automation.tests.DataBankTest" name="testDataBank_Case2" time="85.350"/>
  <testcase classname="com.automation.tests.DataBankTest" name="testDataBank_Case3" time="39.952"/>
  <testcase classname="com.automation.tests.DataBankTest" name="testDataBank_Case4" time="34.624"/>
</testsuite> <!-- com.automation.tests.DataBankTest -->
