<?xml version="1.0" encoding="UTF-8"?>
<!-- Generated by org.testng.reporters.JUnitReportReporter -->
<testsuite hostname="KATHIR" failures="0" tests="4" name="com.automation.tests.DataBankTest" time="189.321" errors="0" timestamp="2025-12-26T10:14:38 IST" skipped="0">
  <testcase classname="com.automation.tests.DataBankTest" name="testDataBank_Case1" time="20.904"/>
  <testcase classname="com.automation.tests.DataBankTest" name="testDataBank_Case2" time="86.781"/>
  <testcase classname="com.automation.tests.DataBankTest" name="testDataBank_Case3" time="45.931"/>
  <testcase classname="com.automation.tests.DataBankTest" name="testDataBank_Case4" time="35.705"/>
</testsuite> <!-- com.automation.tests.DataBankTest -->
