<?xml version="1.0" encoding="UTF-8"?>
<!-- Generated by org.testng.reporters.JUnitReportReporter -->
<testsuite hostname="KATHIR" failures="0" tests="8" name="com.automation.tests.SignInTest" time="469.523" errors="0" timestamp="2025-12-30T22:26:23 IST" skipped="0">
  <testcase classname="com.automation.tests.SignInTest" name="testNegativeSignIn" time="26.593"/>
  <testcase classname="com.automation.tests.SignInTest" name="testNegativeSignIn" time="26.385"/>
  <testcase classname="com.automation.tests.SignInTest" name="testNegativeSignIn" time="26.658"/>
  <testcase classname="com.automation.tests.SignInTest" name="testNegativeSignIn" time="116.821"/>
  <testcase classname="com.automation.tests.SignInTest" name="testNegativeSignIn" time="118.008"/>
  <testcase classname="com.automation.tests.SignInTest" name="testNegativeSignIn" time="66.561"/>
  <testcase classname="com.automation.tests.SignInTest" name="testPositiveSignIn" time="61.997"/>
  <testcase classname="com.automation.tests.SignInTest" name="testNegativeSignIn" time="26.500"/>
</testsuite> <!-- com.automation.tests.SignInTest -->
